{"/home/travis/build/npmtest/node-npmtest-compoxure/test.js":{"path":"/home/travis/build/npmtest/node-npmtest-compoxure/test.js","s":{"1":2,"2":2,"3":2,"4":2,"5":2,"6":2,"7":2,"8":1,"9":2,"10":2,"11":1,"12":1,"13":1,"14":1,"15":2,"16":2,"17":2,"18":2,"19":1,"20":1,"21":2,"22":2,"23":2,"24":1,"25":1,"26":1,"27":1,"28":1,"29":1,"30":1,"31":1,"32":1,"33":1,"34":1,"35":1,"36":1,"37":1,"38":1,"39":2,"40":2,"41":1,"42":2,"43":2,"44":1,"45":2,"46":2,"47":1,"48":2,"49":2,"50":1,"51":1,"52":1,"53":1,"54":1},"b":{"1":[2,1,1,1],"2":[1,1,1,1],"3":[1,1],"4":[1,1],"5":[1,1],"6":[1,1],"7":[1,1],"8":[1,1],"9":[1,1],"10":[1,1,1],"11":[1,1],"12":[1,1],"13":[1,1],"14":[1,1],"15":[1,1],"16":[1,1],"17":[1,1]},"f":{"1":2,"2":2,"3":2,"4":2,"5":2,"6":1,"7":1,"8":1,"9":2,"10":2,"11":2,"12":2,"13":1},"fnMap":{"1":{"name":"(anonymous_1)","line":12,"loc":{"start":{"line":12,"column":1},"end":{"line":12,"column":13}}},"2":{"name":"(anonymous_2)","line":19,"loc":{"start":{"line":19,"column":5},"end":{"line":19,"column":17}}},"3":{"name":"(anonymous_3)","line":23,"loc":{"start":{"line":23,"column":24},"end":{"line":23,"column":36}}},"4":{"name":"(anonymous_4)","line":61,"loc":{"start":{"line":61,"column":5},"end":{"line":61,"column":17}}},"5":{"name":"(anonymous_5)","line":82,"loc":{"start":{"line":82,"column":5},"end":{"line":82,"column":17}}},"6":{"name":"(anonymous_6)","line":91,"loc":{"start":{"line":91,"column":77},"end":{"line":94,"column":10}}},"7":{"name":"(anonymous_7)","line":112,"loc":{"start":{"line":112,"column":83},"end":{"line":115,"column":10}},"skip":true},"8":{"name":"(anonymous_8)","line":123,"loc":{"start":{"line":123,"column":77},"end":{"line":126,"column":10}},"skip":true},"9":{"name":"(anonymous_9)","line":139,"loc":{"start":{"line":139,"column":12},"end":{"line":139,"column":40}},"skip":true},"10":{"name":"(anonymous_10)","line":147,"loc":{"start":{"line":147,"column":77},"end":{"line":150,"column":10}},"skip":true},"11":{"name":"(anonymous_11)","line":158,"loc":{"start":{"line":158,"column":83},"end":{"line":161,"column":10}},"skip":true},"12":{"name":"(anonymous_12)","line":169,"loc":{"start":{"line":169,"column":79},"end":{"line":172,"column":10}},"skip":true},"13":{"name":"(anonymous_13)","line":180,"loc":{"start":{"line":180,"column":75},"end":{"line":183,"column":10}},"skip":true}},"statementMap":{"1":{"start":{"line":12,"column":0},"end":{"line":195,"column":5}},"2":{"start":{"line":14,"column":4},"end":{"line":14,"column":14}},"3":{"start":{"line":19,"column":4},"end":{"line":56,"column":9}},"4":{"start":{"line":21,"column":8},"end":{"line":21,"column":19}},"5":{"start":{"line":23,"column":8},"end":{"line":35,"column":13}},"6":{"start":{"line":24,"column":12},"end":{"line":34,"column":13}},"7":{"start":{"line":25,"column":16},"end":{"line":28,"column":30}},"8":{"start":{"line":30,"column":16},"end":{"line":33,"column":27}},"9":{"start":{"line":37,"column":8},"end":{"line":39,"column":21}},"10":{"start":{"line":40,"column":8},"end":{"line":53,"column":9}},"11":{"start":{"line":43,"column":12},"end":{"line":46,"column":14}},"12":{"start":{"line":47,"column":12},"end":{"line":47,"column":18}},"13":{"start":{"line":50,"column":12},"end":{"line":51,"column":46}},"14":{"start":{"line":52,"column":12},"end":{"line":52,"column":18}},"15":{"start":{"line":55,"column":8},"end":{"line":55,"column":35}},"16":{"start":{"line":61,"column":4},"end":{"line":63,"column":9}},"17":{"start":{"line":62,"column":8},"end":{"line":62,"column":15}},"18":{"start":{"line":64,"column":4},"end":{"line":77,"column":5}},"19":{"start":{"line":70,"column":8},"end":{"line":70,"column":14}},"20":{"start":{"line":76,"column":8},"end":{"line":76,"column":14}},"21":{"start":{"line":82,"column":4},"end":{"line":84,"column":9}},"22":{"start":{"line":83,"column":8},"end":{"line":83,"column":15}},"23":{"start":{"line":85,"column":4},"end":{"line":194,"column":5}},"24":{"start":{"line":91,"column":8},"end":{"line":99,"column":10}},"25":{"start":{"line":98,"column":12},"end":{"line":98,"column":35}},"26":{"start":{"line":102,"column":8},"end":{"line":104,"column":63}},"27":{"start":{"line":105,"column":8},"end":{"line":105,"column":14}},"28":{"start":{"line":112,"column":8},"end":{"line":121,"column":10},"skip":true},"29":{"start":{"line":119,"column":12},"end":{"line":119,"column":55},"skip":true},"30":{"start":{"line":120,"column":12},"end":{"line":120,"column":48},"skip":true},"31":{"start":{"line":123,"column":8},"end":{"line":136,"column":10},"skip":true},"32":{"start":{"line":130,"column":12},"end":{"line":130,"column":76},"skip":true},"33":{"start":{"line":131,"column":12},"end":{"line":131,"column":73},"skip":true},"34":{"start":{"line":132,"column":12},"end":{"line":132,"column":74},"skip":true},"35":{"start":{"line":133,"column":12},"end":{"line":133,"column":79},"skip":true},"36":{"start":{"line":134,"column":12},"end":{"line":134,"column":25},"skip":true},"37":{"start":{"line":135,"column":12},"end":{"line":135,"column":45},"skip":true},"38":{"start":{"line":138,"column":8},"end":{"line":145,"column":14},"skip":true},"39":{"start":{"line":143,"column":16},"end":{"line":143,"column":29},"skip":true},"40":{"start":{"line":144,"column":16},"end":{"line":144,"column":55},"skip":true},"41":{"start":{"line":147,"column":8},"end":{"line":156,"column":10},"skip":true},"42":{"start":{"line":154,"column":12},"end":{"line":154,"column":25},"skip":true},"43":{"start":{"line":155,"column":12},"end":{"line":155,"column":45},"skip":true},"44":{"start":{"line":158,"column":8},"end":{"line":167,"column":10},"skip":true},"45":{"start":{"line":165,"column":12},"end":{"line":165,"column":25},"skip":true},"46":{"start":{"line":166,"column":12},"end":{"line":166,"column":48},"skip":true},"47":{"start":{"line":169,"column":8},"end":{"line":178,"column":10},"skip":true},"48":{"start":{"line":176,"column":12},"end":{"line":176,"column":25},"skip":true},"49":{"start":{"line":177,"column":12},"end":{"line":177,"column":46},"skip":true},"50":{"start":{"line":180,"column":8},"end":{"line":189,"column":10},"skip":true},"51":{"start":{"line":187,"column":12},"end":{"line":187,"column":94},"skip":true},"52":{"start":{"line":188,"column":12},"end":{"line":188,"column":48},"skip":true},"53":{"start":{"line":192,"column":8},"end":{"line":192,"column":35},"skip":true},"54":{"start":{"line":193,"column":8},"end":{"line":193,"column":14},"skip":true}},"branchMap":{"1":{"line":25,"type":"binary-expr","locations":[{"start":{"line":25,"column":23},"end":{"line":25,"column":62}},{"start":{"line":26,"column":20},"end":{"line":26,"column":70}},{"start":{"line":27,"column":20},"end":{"line":27,"column":71}},{"start":{"line":28,"column":20},"end":{"line":28,"column":29}}]},"2":{"line":30,"type":"binary-expr","locations":[{"start":{"line":30,"column":23},"end":{"line":30,"column":37}},{"start":{"line":31,"column":20},"end":{"line":31,"column":61}},{"start":{"line":32,"column":20},"end":{"line":32,"column":70}},{"start":{"line":33,"column":20},"end":{"line":33,"column":26}}]},"3":{"line":37,"type":"cond-expr","locations":[{"start":{"line":38,"column":14},"end":{"line":38,"column":20}},{"start":{"line":39,"column":14},"end":{"line":39,"column":20}}]},"4":{"line":40,"type":"switch","locations":[{"start":{"line":42,"column":8},"end":{"line":47,"column":18}},{"start":{"line":49,"column":8},"end":{"line":52,"column":18}}]},"5":{"line":44,"type":"binary-expr","locations":[{"start":{"line":44,"column":16},"end":{"line":44,"column":44}},{"start":{"line":44,"column":48},"end":{"line":44,"column":66}}]},"6":{"line":50,"type":"binary-expr","locations":[{"start":{"line":50,"column":21},"end":{"line":50,"column":49}},{"start":{"line":50,"column":53},"end":{"line":50,"column":72}}]},"7":{"line":64,"type":"switch","locations":[{"start":{"line":69,"column":4},"end":{"line":70,"column":14}},{"start":{"line":75,"column":4},"end":{"line":76,"column":14}}]},"8":{"line":85,"type":"switch","locations":[{"start":{"line":90,"column":4},"end":{"line":105,"column":14}},{"start":{"line":111,"column":4},"end":{"line":193,"column":14},"skip":true}]},"9":{"line":91,"type":"binary-expr","locations":[{"start":{"line":91,"column":42},"end":{"line":91,"column":73}},{"start":{"line":91,"column":77},"end":{"line":99,"column":9}}]},"10":{"line":102,"type":"binary-expr","locations":[{"start":{"line":102,"column":18},"end":{"line":102,"column":32}},{"start":{"line":103,"column":12},"end":{"line":103,"column":53}},{"start":{"line":104,"column":12},"end":{"line":104,"column":61}}]},"11":{"line":112,"type":"binary-expr","locations":[{"start":{"line":112,"column":45},"end":{"line":112,"column":79},"skip":true},{"start":{"line":112,"column":83},"end":{"line":121,"column":9},"skip":true}]},"12":{"line":123,"type":"binary-expr","locations":[{"start":{"line":123,"column":42},"end":{"line":123,"column":73},"skip":true},{"start":{"line":123,"column":77},"end":{"line":136,"column":9},"skip":true}]},"13":{"line":138,"type":"binary-expr","locations":[{"start":{"line":138,"column":48},"end":{"line":138,"column":85},"skip":true},{"start":{"line":139,"column":12},"end":{"line":145,"column":13},"skip":true}]},"14":{"line":147,"type":"binary-expr","locations":[{"start":{"line":147,"column":42},"end":{"line":147,"column":73},"skip":true},{"start":{"line":147,"column":77},"end":{"line":156,"column":9},"skip":true}]},"15":{"line":158,"type":"binary-expr","locations":[{"start":{"line":158,"column":45},"end":{"line":158,"column":79},"skip":true},{"start":{"line":158,"column":83},"end":{"line":167,"column":9},"skip":true}]},"16":{"line":169,"type":"binary-expr","locations":[{"start":{"line":169,"column":43},"end":{"line":169,"column":75},"skip":true},{"start":{"line":169,"column":79},"end":{"line":178,"column":9},"skip":true}]},"17":{"line":180,"type":"binary-expr","locations":[{"start":{"line":180,"column":41},"end":{"line":180,"column":71},"skip":true},{"start":{"line":180,"column":75},"end":{"line":189,"column":9},"skip":true}]}},"code":["/* istanbul instrument in package npmtest_compoxure */","/*jslint","    bitwise: true,","    browser: true,","    maxerr: 8,","    maxlen: 96,","    node: true,","    nomen: true,","    regexp: true,","    stupid: true","*/","(function () {","    'use strict';","    var local;","","","","    // run shared js-env code - pre-init","    (function () {","        // init local","        local = {};","        // init modeJs","        local.modeJs = (function () {","            try {","                return typeof navigator.userAgent === 'string' &&","                    typeof document.querySelector('body') === 'object' &&","                    typeof XMLHttpRequest.prototype.open === 'function' &&","                    'browser';","            } catch (errorCaughtBrowser) {","                return module.exports &&","                    typeof process.versions.node === 'string' &&","                    typeof require('http').createServer === 'function' &&","                    'node';","            }","        }());","        // init global","        local.global = local.modeJs === 'browser'","            ? window","            : global;","        switch (local.modeJs) {","        // re-init local from window.local","        case 'browser':","            local = local.global.utility2.objectSetDefault(","                local.global.utility2_rollup || local.global.local,","                local.global.utility2","            );","            break;","        // re-init local from example.js","        case 'node':","            local = (local.global.utility2_rollup || require('utility2'))","                .requireExampleJsFromReadme();","            break;","        }","        // export local","        local.global.local = local;","    }());","","","","    // run shared js-env code - function","    (function () {","        return;","    }());","    switch (local.modeJs) {","","","","    // run browser js-env code - function","    case 'browser':","        break;","","","","    // run node js-env code - function","    case 'node':","        break;","    }","","","","    // run shared js-env code - post-init","    (function () {","        return;","    }());","    switch (local.modeJs) {","","","","    // run browser js-env code - post-init","    case 'browser':","        local.testCase_browser_nullCase = local.testCase_browser_nullCase || function (","            options,","            onError","        ) {","        /*","         * this function will test browsers's null-case handling-behavior-behavior","         */","            onError(null, options);","        };","","        // run tests","        local.nop(local.modeTest &&","            document.querySelector('#testRunButton1') &&","            document.querySelector('#testRunButton1').click());","        break;","","","","    // run node js-env code - post-init","    /* istanbul ignore next */","    case 'node':","        local.testCase_buildApidoc_default = local.testCase_buildApidoc_default || function (","            options,","            onError","        ) {","        /*","         * this function will test buildApidoc's default handling-behavior-behavior","         */","            options = { modulePathList: module.paths };","            local.buildApidoc(options, onError);","        };","","        local.testCase_buildApp_default = local.testCase_buildApp_default || function (","            options,","            onError","        ) {","        /*","         * this function will test buildApp's default handling-behavior-behavior","         */","            local.testCase_buildReadme_default(options, local.onErrorThrow);","            local.testCase_buildLib_default(options, local.onErrorThrow);","            local.testCase_buildTest_default(options, local.onErrorThrow);","            local.testCase_buildCustomOrg_default(options, local.onErrorThrow);","            options = [];","            local.buildApp(options, onError);","        };","","        local.testCase_buildCustomOrg_default = local.testCase_buildCustomOrg_default ||","            function (options, onError) {","            /*","             * this function will test buildCustomOrg's default handling-behavior","             */","                options = {};","                local.buildCustomOrg(options, onError);","            };","","        local.testCase_buildLib_default = local.testCase_buildLib_default || function (","            options,","            onError","        ) {","        /*","         * this function will test buildLib's default handling-behavior","         */","            options = {};","            local.buildLib(options, onError);","        };","","        local.testCase_buildReadme_default = local.testCase_buildReadme_default || function (","            options,","            onError","        ) {","        /*","         * this function will test buildReadme's default handling-behavior-behavior","         */","            options = {};","            local.buildReadme(options, onError);","        };","","        local.testCase_buildTest_default = local.testCase_buildTest_default || function (","            options,","            onError","        ) {","        /*","         * this function will test buildTest's default handling-behavior","         */","            options = {};","            local.buildTest(options, onError);","        };","","        local.testCase_webpage_default = local.testCase_webpage_default || function (","            options,","            onError","        ) {","        /*","         * this function will test webpage's default handling-behavior","         */","            options = { modeCoverageMerge: true, url: local.serverLocalHost + '?modeTest=1' };","            local.browserTest(options, onError);","        };","","        // run test-server","        local.testRunServer(local);","        break;","    }","}());",""],"l":{"12":2,"14":2,"19":2,"21":2,"23":2,"24":2,"25":2,"30":1,"37":2,"40":2,"43":1,"47":1,"50":1,"52":1,"55":2,"61":2,"62":2,"64":2,"70":1,"76":1,"82":2,"83":2,"85":2,"91":1,"98":1,"102":1,"105":1,"112":1,"119":1,"120":1,"123":1,"130":1,"131":1,"132":1,"133":1,"134":1,"135":1,"138":1,"143":2,"144":2,"147":1,"154":2,"155":2,"158":1,"165":2,"166":2,"169":1,"176":2,"177":2,"180":1,"187":1,"188":1,"192":1,"193":1}},"/home/travis/build/npmtest/node-npmtest-compoxure/lib.npmtest_compoxure.js":{"path":"/home/travis/build/npmtest/node-npmtest-compoxure/lib.npmtest_compoxure.js","s":{"1":2,"2":2,"3":2,"4":2,"5":2,"6":2,"7":2,"8":1,"9":2,"10":2,"11":2,"12":2,"13":1,"14":1,"15":1,"16":1},"b":{"1":[2,1,1,1],"2":[1,1,1,1],"3":[1,1],"4":[2,2],"5":[1,1]},"f":{"1":2,"2":2,"3":2},"fnMap":{"1":{"name":"(anonymous_1)","line":12,"loc":{"start":{"line":12,"column":1},"end":{"line":12,"column":13}}},"2":{"name":"(anonymous_2)","line":19,"loc":{"start":{"line":19,"column":5},"end":{"line":19,"column":17}}},"3":{"name":"(anonymous_3)","line":23,"loc":{"start":{"line":23,"column":24},"end":{"line":23,"column":36}}}},"statementMap":{"1":{"start":{"line":12,"column":0},"end":{"line":53,"column":5}},"2":{"start":{"line":14,"column":4},"end":{"line":14,"column":14}},"3":{"start":{"line":19,"column":4},"end":{"line":52,"column":9}},"4":{"start":{"line":21,"column":8},"end":{"line":21,"column":19}},"5":{"start":{"line":23,"column":8},"end":{"line":35,"column":13}},"6":{"start":{"line":24,"column":12},"end":{"line":34,"column":13}},"7":{"start":{"line":25,"column":16},"end":{"line":28,"column":30}},"8":{"start":{"line":30,"column":16},"end":{"line":33,"column":27}},"9":{"start":{"line":37,"column":8},"end":{"line":39,"column":21}},"10":{"start":{"line":41,"column":8},"end":{"line":41,"column":54}},"11":{"start":{"line":43,"column":8},"end":{"line":43,"column":54}},"12":{"start":{"line":45,"column":8},"end":{"line":51,"column":9}},"13":{"start":{"line":46,"column":12},"end":{"line":46,"column":60}},"14":{"start":{"line":48,"column":12},"end":{"line":48,"column":35}},"15":{"start":{"line":49,"column":12},"end":{"line":49,"column":49}},"16":{"start":{"line":50,"column":12},"end":{"line":50,"column":43}}},"branchMap":{"1":{"line":25,"type":"binary-expr","locations":[{"start":{"line":25,"column":23},"end":{"line":25,"column":62}},{"start":{"line":26,"column":20},"end":{"line":26,"column":70}},{"start":{"line":27,"column":20},"end":{"line":27,"column":71}},{"start":{"line":28,"column":20},"end":{"line":28,"column":29}}]},"2":{"line":30,"type":"binary-expr","locations":[{"start":{"line":30,"column":23},"end":{"line":30,"column":37}},{"start":{"line":31,"column":20},"end":{"line":31,"column":61}},{"start":{"line":32,"column":20},"end":{"line":32,"column":70}},{"start":{"line":33,"column":20},"end":{"line":33,"column":26}}]},"3":{"line":37,"type":"cond-expr","locations":[{"start":{"line":38,"column":14},"end":{"line":38,"column":20}},{"start":{"line":39,"column":14},"end":{"line":39,"column":20}}]},"4":{"line":41,"type":"binary-expr","locations":[{"start":{"line":41,"column":16},"end":{"line":41,"column":44}},{"start":{"line":41,"column":48},"end":{"line":41,"column":53}}]},"5":{"line":45,"type":"if","locations":[{"start":{"line":45,"column":8},"end":{"line":45,"column":8}},{"start":{"line":45,"column":8},"end":{"line":45,"column":8}}]}},"code":["/* istanbul instrument in package npmtest_compoxure */","/*jslint","    bitwise: true,","    browser: true,","    maxerr: 8,","    maxlen: 96,","    node: true,","    nomen: true,","    regexp: true,","    stupid: true","*/","(function () {","    'use strict';","    var local;","","","","    // run shared js-env code - pre-init","    (function () {","        // init local","        local = {};","        // init modeJs","        local.modeJs = (function () {","            try {","                return typeof navigator.userAgent === 'string' &&","                    typeof document.querySelector('body') === 'object' &&","                    typeof XMLHttpRequest.prototype.open === 'function' &&","                    'browser';","            } catch (errorCaughtBrowser) {","                return module.exports &&","                    typeof process.versions.node === 'string' &&","                    typeof require('http').createServer === 'function' &&","                    'node';","            }","        }());","        // init global","        local.global = local.modeJs === 'browser'","            ? window","            : global;","        // init utility2_rollup","        local = local.global.utility2_rollup || local;","        // init lib","        local.local = local.npmtest_compoxure = local;","        // init exports","        if (local.modeJs === 'browser') {","            local.global.utility2_npmtest_compoxure = local;","        } else {","            module.exports = local;","            module.exports.__dirname = __dirname;","            module.exports.module = module;","        }","    }());","}());",""],"l":{"12":2,"14":2,"19":2,"21":2,"23":2,"24":2,"25":2,"30":1,"37":2,"41":2,"43":2,"45":2,"46":1,"48":1,"49":1,"50":1}},"/home/travis/build/npmtest/node-npmtest-compoxure/example.js":{"path":"/home/travis/build/npmtest/node-npmtest-compoxure/example.js","s":{"1":2,"2":2,"3":2,"4":2,"5":2,"6":2,"7":2,"8":1,"9":2,"10":2,"11":2,"12":2,"13":1,"14":2,"15":2,"16":2,"17":2,"18":2,"19":0,"20":2,"21":1,"22":1,"23":1,"24":1,"25":1,"26":0,"27":0,"28":1,"29":1,"30":2,"31":0,"32":0,"33":0,"34":1,"35":2,"36":2,"37":3,"38":3,"39":3,"40":3,"41":0,"42":3,"43":3,"44":3,"45":1,"46":3,"47":1,"48":1,"49":1,"50":1,"51":1,"52":1,"53":1,"54":1,"55":1,"56":1,"57":0,"58":1,"59":6,"60":6,"61":1,"62":2,"63":0,"64":2,"65":1,"66":1,"67":0,"68":0,"69":0,"70":0,"71":0,"72":0,"73":0,"74":0,"75":0,"76":0,"77":0,"78":0,"79":0,"80":0,"81":0,"82":0,"83":0},"b":{"1":[2,1,1,1],"2":[1,1,1,1],"3":[1,1],"4":[2,2],"5":[1,1],"6":[1,1],"7":[2,0],"8":[2,1,1,1,1,1],"9":[0,2,0],"10":[1,1],"11":[2,1,1],"12":[1,0],"13":[0,2],"14":[2,0,0,0,0,0,0],"15":[0,3],"16":[3,0],"17":[1,1],"18":[0,1],"19":[1,2,0,2],"20":[1,0],"21":[1,1],"22":[0,0],"23":[0,0],"24":[0,0],"25":[0,0],"26":[0,0],"27":[0,0],"28":[0,0]},"f":{"1":2,"2":2,"3":2,"4":2,"5":2,"6":2,"7":3,"8":3,"9":3,"10":1,"11":6,"12":0},"fnMap":{"1":{"name":"(anonymous_1)","line":26,"loc":{"start":{"line":26,"column":1},"end":{"line":26,"column":13}}},"2":{"name":"(anonymous_2)","line":33,"loc":{"start":{"line":33,"column":5},"end":{"line":33,"column":17}}},"3":{"name":"(anonymous_3)","line":37,"loc":{"start":{"line":37,"column":24},"end":{"line":37,"column":36}}},"4":{"name":"(anonymous_4)","line":69,"loc":{"start":{"line":69,"column":31},"end":{"line":69,"column":48}},"skip":true},"5":{"name":"(anonymous_5)","line":78,"loc":{"start":{"line":78,"column":26},"end":{"line":78,"column":45}},"skip":true},"6":{"name":"(anonymous_6)","line":123,"loc":{"start":{"line":123,"column":33},"end":{"line":123,"column":48}},"skip":true},"7":{"name":"(anonymous_7)","line":125,"loc":{"start":{"line":125,"column":27},"end":{"line":125,"column":39}},"skip":true},"8":{"name":"(anonymous_8)","line":133,"loc":{"start":{"line":133,"column":59},"end":{"line":133,"column":74}},"skip":true},"9":{"name":"(anonymous_9)","line":143,"loc":{"start":{"line":143,"column":45},"end":{"line":143,"column":62}},"skip":true},"10":{"name":"(anonymous_10)","line":144,"loc":{"start":{"line":144,"column":73},"end":{"line":144,"column":92}},"skip":true},"11":{"name":"(anonymous_11)","line":272,"loc":{"start":{"line":272,"column":51},"end":{"line":272,"column":77}},"skip":true},"12":{"name":"(anonymous_12)","line":315,"loc":{"start":{"line":315,"column":32},"end":{"line":315,"column":61}},"skip":true}},"statementMap":{"1":{"start":{"line":26,"column":0},"end":{"line":326,"column":5}},"2":{"start":{"line":28,"column":4},"end":{"line":28,"column":14}},"3":{"start":{"line":33,"column":4},"end":{"line":60,"column":9}},"4":{"start":{"line":35,"column":8},"end":{"line":35,"column":19}},"5":{"start":{"line":37,"column":8},"end":{"line":49,"column":13}},"6":{"start":{"line":38,"column":12},"end":{"line":48,"column":13}},"7":{"start":{"line":39,"column":16},"end":{"line":42,"column":30}},"8":{"start":{"line":44,"column":16},"end":{"line":47,"column":27}},"9":{"start":{"line":51,"column":8},"end":{"line":53,"column":21}},"10":{"start":{"line":55,"column":8},"end":{"line":57,"column":45}},"11":{"start":{"line":59,"column":8},"end":{"line":59,"column":35}},"12":{"start":{"line":61,"column":4},"end":{"line":325,"column":5}},"13":{"start":{"line":69,"column":8},"end":{"line":121,"column":10},"skip":true},"14":{"start":{"line":70,"column":12},"end":{"line":88,"column":13},"skip":true},"15":{"start":{"line":76,"column":16},"end":{"line":87,"column":19},"skip":true},"16":{"start":{"line":79,"column":20},"end":{"line":86,"column":21},"skip":true},"17":{"start":{"line":82,"column":24},"end":{"line":82,"column":43},"skip":true},"18":{"start":{"line":83,"column":24},"end":{"line":83,"column":30},"skip":true},"19":{"start":{"line":85,"column":24},"end":{"line":85,"column":49},"skip":true},"20":{"start":{"line":89,"column":12},"end":{"line":107,"column":13},"skip":true},"21":{"start":{"line":92,"column":16},"end":{"line":102,"column":17},"skip":true},"22":{"start":{"line":93,"column":20},"end":{"line":93,"column":86},"skip":true},"23":{"start":{"line":94,"column":20},"end":{"line":95,"column":45},"skip":true},"24":{"start":{"line":96,"column":20},"end":{"line":96,"column":42},"skip":true},"25":{"start":{"line":97,"column":20},"end":{"line":97,"column":48},"skip":true},"26":{"start":{"line":100,"column":20},"end":{"line":100,"column":85},"skip":true},"27":{"start":{"line":101,"column":20},"end":{"line":101,"column":96},"skip":true},"28":{"start":{"line":103,"column":16},"end":{"line":103,"column":22},"skip":true},"29":{"start":{"line":106,"column":16},"end":{"line":106,"column":22},"skip":true},"30":{"start":{"line":108,"column":12},"end":{"line":120,"column":13},"skip":true},"31":{"start":{"line":114,"column":16},"end":{"line":119,"column":17},"skip":true},"32":{"start":{"line":116,"column":20},"end":{"line":116,"column":78},"skip":true},"33":{"start":{"line":118,"column":20},"end":{"line":118,"column":47},"skip":true},"34":{"start":{"line":123,"column":8},"end":{"line":141,"column":11},"skip":true},"35":{"start":{"line":124,"column":12},"end":{"line":124,"column":54},"skip":true},"36":{"start":{"line":125,"column":12},"end":{"line":140,"column":14},"skip":true},"37":{"start":{"line":126,"column":16},"end":{"line":126,"column":28},"skip":true},"38":{"start":{"line":127,"column":16},"end":{"line":127,"column":69},"skip":true},"39":{"start":{"line":128,"column":16},"end":{"line":128,"column":75},"skip":true},"40":{"start":{"line":129,"column":16},"end":{"line":131,"column":17},"skip":true},"41":{"start":{"line":130,"column":20},"end":{"line":130,"column":27},"skip":true},"42":{"start":{"line":133,"column":16},"end":{"line":137,"column":36},"skip":true},"43":{"start":{"line":134,"column":20},"end":{"line":136,"column":55},"skip":true},"44":{"start":{"line":139,"column":16},"end":{"line":139,"column":57},"skip":true},"45":{"start":{"line":143,"column":8},"end":{"line":147,"column":11},"skip":true},"46":{"start":{"line":144,"column":12},"end":{"line":146,"column":15},"skip":true},"47":{"start":{"line":145,"column":16},"end":{"line":145,"column":70},"skip":true},"48":{"start":{"line":149,"column":8},"end":{"line":149,"column":31},"skip":true},"49":{"start":{"line":150,"column":8},"end":{"line":150,"column":14},"skip":true},"50":{"start":{"line":158,"column":8},"end":{"line":158,"column":31},"skip":true},"51":{"start":{"line":160,"column":8},"end":{"line":160,"column":33},"skip":true},"52":{"start":{"line":161,"column":8},"end":{"line":161,"column":37},"skip":true},"53":{"start":{"line":162,"column":8},"end":{"line":162,"column":35},"skip":true},"54":{"start":{"line":164,"column":8},"end":{"line":164,"column":50},"skip":true},"55":{"start":{"line":166,"column":8},"end":{"line":256,"column":2},"skip":true},"56":{"start":{"line":258,"column":8},"end":{"line":286,"column":9},"skip":true},"57":{"start":{"line":259,"column":12},"end":{"line":269,"column":14},"skip":true},"58":{"start":{"line":271,"column":12},"end":{"line":285,"column":19},"skip":true},"59":{"start":{"line":274,"column":20},"end":{"line":274,"column":35},"skip":true},"60":{"start":{"line":275,"column":20},"end":{"line":284,"column":21},"skip":true},"61":{"start":{"line":277,"column":24},"end":{"line":277,"column":64},"skip":true},"62":{"start":{"line":279,"column":24},"end":{"line":279,"column":40},"skip":true},"63":{"start":{"line":281,"column":24},"end":{"line":281,"column":40},"skip":true},"64":{"start":{"line":283,"column":24},"end":{"line":283,"column":39},"skip":true},"65":{"start":{"line":288,"column":8},"end":{"line":290,"column":9},"skip":true},"66":{"start":{"line":289,"column":12},"end":{"line":289,"column":18},"skip":true},"67":{"start":{"line":291,"column":8},"end":{"line":293,"column":54},"skip":true},"68":{"start":{"line":296,"column":8},"end":{"line":301,"column":37},"skip":true},"69":{"start":{"line":303,"column":8},"end":{"line":303,"column":82},"skip":true},"70":{"start":{"line":306,"column":8},"end":{"line":308,"column":9},"skip":true},"71":{"start":{"line":307,"column":12},"end":{"line":307,"column":82},"skip":true},"72":{"start":{"line":310,"column":8},"end":{"line":312,"column":9},"skip":true},"73":{"start":{"line":311,"column":12},"end":{"line":311,"column":18},"skip":true},"74":{"start":{"line":313,"column":8},"end":{"line":313,"column":54},"skip":true},"75":{"start":{"line":314,"column":8},"end":{"line":314,"column":69},"skip":true},"76":{"start":{"line":315,"column":8},"end":{"line":323,"column":36},"skip":true},"77":{"start":{"line":316,"column":12},"end":{"line":316,"column":61},"skip":true},"78":{"start":{"line":317,"column":12},"end":{"line":320,"column":13},"skip":true},"79":{"start":{"line":318,"column":16},"end":{"line":318,"column":75},"skip":true},"80":{"start":{"line":319,"column":16},"end":{"line":319,"column":23},"skip":true},"81":{"start":{"line":321,"column":12},"end":{"line":321,"column":38},"skip":true},"82":{"start":{"line":322,"column":12},"end":{"line":322,"column":27},"skip":true},"83":{"start":{"line":324,"column":8},"end":{"line":324,"column":14},"skip":true}},"branchMap":{"1":{"line":39,"type":"binary-expr","locations":[{"start":{"line":39,"column":23},"end":{"line":39,"column":62}},{"start":{"line":40,"column":20},"end":{"line":40,"column":70}},{"start":{"line":41,"column":20},"end":{"line":41,"column":71}},{"start":{"line":42,"column":20},"end":{"line":42,"column":29}}]},"2":{"line":44,"type":"binary-expr","locations":[{"start":{"line":44,"column":23},"end":{"line":44,"column":37}},{"start":{"line":45,"column":20},"end":{"line":45,"column":61}},{"start":{"line":46,"column":20},"end":{"line":46,"column":70}},{"start":{"line":47,"column":20},"end":{"line":47,"column":26}}]},"3":{"line":51,"type":"cond-expr","locations":[{"start":{"line":52,"column":14},"end":{"line":52,"column":20}},{"start":{"line":53,"column":14},"end":{"line":53,"column":20}}]},"4":{"line":55,"type":"binary-expr","locations":[{"start":{"line":55,"column":16},"end":{"line":55,"column":44}},{"start":{"line":55,"column":49},"end":{"line":57,"column":43}}]},"5":{"line":55,"type":"cond-expr","locations":[{"start":{"line":56,"column":14},"end":{"line":56,"column":53}},{"start":{"line":57,"column":14},"end":{"line":57,"column":43}}]},"6":{"line":61,"type":"switch","locations":[{"start":{"line":68,"column":4},"end":{"line":150,"column":14},"skip":true},{"start":{"line":156,"column":4},"end":{"line":324,"column":14},"skip":true}]},"7":{"line":70,"type":"if","locations":[{"start":{"line":70,"column":12},"end":{"line":70,"column":12},"skip":true},{"start":{"line":70,"column":12},"end":{"line":70,"column":12},"skip":true}]},"8":{"line":70,"type":"binary-expr","locations":[{"start":{"line":70,"column":16},"end":{"line":70,"column":22},"skip":true},{"start":{"line":70,"column":27},"end":{"line":70,"column":32},"skip":true},{"start":{"line":71,"column":20},"end":{"line":71,"column":39},"skip":true},{"start":{"line":72,"column":20},"end":{"line":72,"column":49},"skip":true},{"start":{"line":73,"column":20},"end":{"line":73,"column":58},"skip":true},{"start":{"line":74,"column":20},"end":{"line":74,"column":69},"skip":true}]},"9":{"line":79,"type":"switch","locations":[{"start":{"line":80,"column":20},"end":{"line":80,"column":33},"skip":true},{"start":{"line":81,"column":20},"end":{"line":83,"column":30},"skip":true},{"start":{"line":84,"column":20},"end":{"line":85,"column":49},"skip":true}]},"10":{"line":89,"type":"switch","locations":[{"start":{"line":90,"column":12},"end":{"line":103,"column":22},"skip":true},{"start":{"line":105,"column":12},"end":{"line":106,"column":22},"skip":true}]},"11":{"line":89,"type":"binary-expr","locations":[{"start":{"line":89,"column":20},"end":{"line":89,"column":25},"skip":true},{"start":{"line":89,"column":29},"end":{"line":89,"column":48},"skip":true},{"start":{"line":89,"column":52},"end":{"line":89,"column":74},"skip":true}]},"12":{"line":92,"type":"if","locations":[{"start":{"line":92,"column":16},"end":{"line":92,"column":16},"skip":true},{"start":{"line":92,"column":16},"end":{"line":92,"column":16},"skip":true}]},"13":{"line":108,"type":"if","locations":[{"start":{"line":108,"column":12},"end":{"line":108,"column":12},"skip":true},{"start":{"line":108,"column":12},"end":{"line":108,"column":12},"skip":true}]},"14":{"line":108,"type":"binary-expr","locations":[{"start":{"line":108,"column":16},"end":{"line":108,"column":61},"skip":true},{"start":{"line":108,"column":66},"end":{"line":108,"column":72},"skip":true},{"start":{"line":108,"column":77},"end":{"line":108,"column":82},"skip":true},{"start":{"line":109,"column":20},"end":{"line":109,"column":39},"skip":true},{"start":{"line":110,"column":20},"end":{"line":110,"column":49},"skip":true},{"start":{"line":111,"column":20},"end":{"line":111,"column":58},"skip":true},{"start":{"line":112,"column":20},"end":{"line":112,"column":68},"skip":true}]},"15":{"line":129,"type":"if","locations":[{"start":{"line":129,"column":16},"end":{"line":129,"column":16},"skip":true},{"start":{"line":129,"column":16},"end":{"line":129,"column":16},"skip":true}]},"16":{"line":134,"type":"cond-expr","locations":[{"start":{"line":135,"column":26},"end":{"line":135,"column":29},"skip":true},{"start":{"line":136,"column":26},"end":{"line":136,"column":54},"skip":true}]},"17":{"line":164,"type":"binary-expr","locations":[{"start":{"line":164,"column":27},"end":{"line":164,"column":43},"skip":true},{"start":{"line":164,"column":47},"end":{"line":164,"column":49},"skip":true}]},"18":{"line":258,"type":"if","locations":[{"start":{"line":258,"column":8},"end":{"line":258,"column":8},"skip":true},{"start":{"line":258,"column":8},"end":{"line":258,"column":8},"skip":true}]},"19":{"line":275,"type":"switch","locations":[{"start":{"line":276,"column":20},"end":{"line":277,"column":64},"skip":true},{"start":{"line":278,"column":20},"end":{"line":279,"column":40},"skip":true},{"start":{"line":280,"column":20},"end":{"line":281,"column":40},"skip":true},{"start":{"line":282,"column":20},"end":{"line":283,"column":39},"skip":true}]},"20":{"line":288,"type":"if","locations":[{"start":{"line":288,"column":8},"end":{"line":288,"column":8},"skip":true},{"start":{"line":288,"column":8},"end":{"line":288,"column":8},"skip":true}]},"21":{"line":288,"type":"binary-expr","locations":[{"start":{"line":288,"column":12},"end":{"line":288,"column":40},"skip":true},{"start":{"line":288,"column":44},"end":{"line":288,"column":67},"skip":true}]},"22":{"line":292,"type":"binary-expr","locations":[{"start":{"line":292,"column":12},"end":{"line":292,"column":50},"skip":true},{"start":{"line":293,"column":12},"end":{"line":293,"column":53},"skip":true}]},"23":{"line":297,"type":"binary-expr","locations":[{"start":{"line":297,"column":12},"end":{"line":297,"column":67},"skip":true},{"start":{"line":298,"column":12},"end":{"line":301,"column":36},"skip":true}]},"24":{"line":303,"type":"binary-expr","locations":[{"start":{"line":303,"column":43},"end":{"line":303,"column":75},"skip":true},{"start":{"line":303,"column":79},"end":{"line":303,"column":81},"skip":true}]},"25":{"line":306,"type":"if","locations":[{"start":{"line":306,"column":8},"end":{"line":306,"column":8},"skip":true},{"start":{"line":306,"column":8},"end":{"line":306,"column":8},"skip":true}]},"26":{"line":310,"type":"if","locations":[{"start":{"line":310,"column":8},"end":{"line":310,"column":8},"skip":true},{"start":{"line":310,"column":8},"end":{"line":310,"column":8},"skip":true}]},"27":{"line":313,"type":"binary-expr","locations":[{"start":{"line":313,"column":27},"end":{"line":313,"column":43},"skip":true},{"start":{"line":313,"column":47},"end":{"line":313,"column":53},"skip":true}]},"28":{"line":317,"type":"if","locations":[{"start":{"line":317,"column":12},"end":{"line":317,"column":12},"skip":true},{"start":{"line":317,"column":12},"end":{"line":317,"column":12},"skip":true}]}},"code":["/*","example.js","","quickstart example","","instruction","    1. save this script as example.js","    2. run the shell command:","        $ npm install npmtest-compoxure && PORT=8081 node example.js","    3. play with the browser-demo on http://127.0.0.1:8081","*/","","","","/* istanbul instrument in package npmtest_compoxure */","/*jslint","    bitwise: true,","    browser: true,","    maxerr: 8,","    maxlen: 96,","    node: true,","    nomen: true,","    regexp: true,","    stupid: true","*/","(function () {","    'use strict';","    var local;","","","","    // run shared js-env code - pre-init","    (function () {","        // init local","        local = {};","        // init modeJs","        local.modeJs = (function () {","            try {","                return typeof navigator.userAgent === 'string' &&","                    typeof document.querySelector('body') === 'object' &&","                    typeof XMLHttpRequest.prototype.open === 'function' &&","                    'browser';","            } catch (errorCaughtBrowser) {","                return module.exports &&","                    typeof process.versions.node === 'string' &&","                    typeof require('http').createServer === 'function' &&","                    'node';","            }","        }());","        // init global","        local.global = local.modeJs === 'browser'","            ? window","            : global;","        // init utility2_rollup","        local = local.global.utility2_rollup || (local.modeJs === 'browser'","            ? local.global.utility2_npmtest_compoxure","            : global.utility2_moduleExports);","        // export local","        local.global.local = local;","    }());","    switch (local.modeJs) {","","","","    // post-init","    // run browser js-env code - post-init","    /* istanbul ignore next */","    case 'browser':","        local.testRunBrowser = function (event) {","            if (!event || (event &&","                    event.currentTarget &&","                    event.currentTarget.className &&","                    event.currentTarget.className.includes &&","                    event.currentTarget.className.includes('onreset'))) {","                // reset output","                Array.from(","                    document.querySelectorAll('body > .resettable')","                ).forEach(function (element) {","                    switch (element.tagName) {","                    case 'INPUT':","                    case 'TEXTAREA':","                        element.value = '';","                        break;","                    default:","                        element.textContent = '';","                    }","                });","            }","            switch (event && event.currentTarget && event.currentTarget.id) {","            case 'testRunButton1':","                // show tests","                if (document.querySelector('#testReportDiv1').style.display === 'none') {","                    document.querySelector('#testReportDiv1').style.display = 'block';","                    document.querySelector('#testRunButton1').textContent =","                        'hide internal test';","                    local.modeTest = true;","                    local.testRunDefault(local);","                // hide tests","                } else {","                    document.querySelector('#testReportDiv1').style.display = 'none';","                    document.querySelector('#testRunButton1').textContent = 'run internal test';","                }","                break;","            // custom-case","            default:","                break;","            }","            if (document.querySelector('#inputTextareaEval1') && (!event || (event &&","                    event.currentTarget &&","                    event.currentTarget.className &&","                    event.currentTarget.className.includes &&","                    event.currentTarget.className.includes('oneval')))) {","                // try to eval input-code","                try {","                    /*jslint evil: true*/","                    eval(document.querySelector('#inputTextareaEval1').value);","                } catch (errorCaught) {","                    console.error(errorCaught);","                }","            }","        };","        // log stderr and stdout to #outputTextareaStdout1","        ['error', 'log'].forEach(function (key) {","            console[key + '_original'] = console[key];","            console[key] = function () {","                var element;","                console[key + '_original'].apply(console, arguments);","                element = document.querySelector('#outputTextareaStdout1');","                if (!element) {","                    return;","                }","                // append text to #outputTextareaStdout1","                element.value += Array.from(arguments).map(function (arg) {","                    return typeof arg === 'string'","                        ? arg","                        : JSON.stringify(arg, null, 4);","                }).join(' ') + '\\n';","                // scroll textarea to bottom","                element.scrollTop = element.scrollHeight;","            };","        });","        // init event-handling","        ['change', 'click', 'keyup'].forEach(function (event) {","            Array.from(document.querySelectorAll('.on' + event)).forEach(function (element) {","                element.addEventListener(event, local.testRunBrowser);","            });","        });","        // run tests","        local.testRunBrowser();","        break;","","","","    // run node js-env code - post-init","    /* istanbul ignore next */","    case 'node':","        // export local","        module.exports = local;","        // require modules","        local.fs = require('fs');","        local.http = require('http');","        local.url = require('url');","        // init assets","        local.assetsDict = local.assetsDict || {};","        /* jslint-ignore-begin */","        local.assetsDict['/assets.index.template.html'] = '\\","<!doctype html>\\n\\","<html lang=\"en\">\\n\\","<head>\\n\\","<meta charset=\"UTF-8\">\\n\\","<meta name=\"viewport\" content=\"width=device-width, initial-scale=1\">\\n\\","<title>{{env.npm_package_name}} (v{{env.npm_package_version}})</title>\\n\\","<style>\\n\\","/*csslint\\n\\","    box-sizing: false,\\n\\","    universal-selector: false\\n\\","*/\\n\\","* {\\n\\","    box-sizing: border-box;\\n\\","}\\n\\","body {\\n\\","    background: #dde;\\n\\","    font-family: Arial, Helvetica, sans-serif;\\n\\","    margin: 2rem;\\n\\","}\\n\\","body > * {\\n\\","    margin-bottom: 1rem;\\n\\","}\\n\\",".utility2FooterDiv {\\n\\","    margin-top: 20px;\\n\\","    text-align: center;\\n\\","}\\n\\","</style>\\n\\","<style>\\n\\","/*csslint\\n\\","*/\\n\\","textarea {\\n\\","    font-family: monospace;\\n\\","    height: 10rem;\\n\\","    width: 100%;\\n\\","}\\n\\","textarea[readonly] {\\n\\","    background: #ddd;\\n\\","}\\n\\","</style>\\n\\","</head>\\n\\","<body>\\n\\","<!-- utility2-comment\\n\\","<div id=\"ajaxProgressDiv1\" style=\"background: #d00; height: 2px; left: 0; margin: 0; padding: 0; position: fixed; top: 0; transition: background 0.5s, width 1.5s; width: 25%;\"></div>\\n\\","utility2-comment -->\\n\\","<h1>\\n\\","<!-- utility2-comment\\n\\","    <a\\n\\","        {{#if env.npm_package_homepage}}\\n\\","        href=\"{{env.npm_package_homepage}}\"\\n\\","        {{/if env.npm_package_homepage}}\\n\\","        target=\"_blank\"\\n\\","    >\\n\\","utility2-comment -->\\n\\","        {{env.npm_package_name}} (v{{env.npm_package_version}})\\n\\","<!-- utility2-comment\\n\\","    </a>\\n\\","utility2-comment -->\\n\\","</h1>\\n\\","<h3>{{env.npm_package_description}}</h3>\\n\\","<!-- utility2-comment\\n\\","<h4><a download href=\"assets.app.js\">download standalone app</a></h4>\\n\\","<button class=\"onclick onreset\" id=\"testRunButton1\">run internal test</button><br>\\n\\","<div id=\"testReportDiv1\" style=\"display: none;\"></div>\\n\\","utility2-comment -->\\n\\","\\n\\","\\n\\","\\n\\","<label>stderr and stdout</label>\\n\\","<textarea class=\"resettable\" id=\"outputTextareaStdout1\" readonly></textarea>\\n\\","<!-- utility2-comment\\n\\","{{#if isRollup}}\\n\\","<script src=\"assets.app.js\"></script>\\n\\","{{#unless isRollup}}\\n\\","utility2-comment -->\\n\\","<script src=\"assets.utility2.rollup.js\"></script>\\n\\","<script src=\"jsonp.utility2._stateInit?callback=window.utility2._stateInit\"></script>\\n\\","<script src=\"assets.npmtest_compoxure.rollup.js\"></script>\\n\\","<script src=\"assets.example.js\"></script>\\n\\","<script src=\"assets.test.js\"></script>\\n\\","<!-- utility2-comment\\n\\","{{/if isRollup}}\\n\\","utility2-comment -->\\n\\","<div class=\"utility2FooterDiv\">\\n\\","    [ this app was created with\\n\\","    <a href=\"https://github.com/kaizhu256/node-utility2\" target=\"_blank\">utility2</a>\\n\\","    ]\\n\\","</div>\\n\\","</body>\\n\\","</html>\\n\\","';","        /* jslint-ignore-end */","        if (local.templateRender) {","            local.assetsDict['/'] = local.templateRender(","                local.assetsDict['/assets.index.template.html'],","                {","                    env: local.objectSetDefault(local.env, {","                        npm_package_description: 'the greatest app in the world!',","                        npm_package_name: 'my-app',","                        npm_package_nameAlias: 'my_app',","                        npm_package_version: '0.0.1'","                    })","                }","            );","        } else {","            local.assetsDict['/'] = local.assetsDict['/assets.index.template.html']","                .replace((/\\{\\{env\\.(\\w+?)\\}\\}/g), function (match0, match1) {","                    // jslint-hack","                    String(match0);","                    switch (match1) {","                    case 'npm_package_description':","                        return 'the greatest app in the world!';","                    case 'npm_package_name':","                        return 'my-app';","                    case 'npm_package_nameAlias':","                        return 'my_app';","                    case 'npm_package_version':","                        return '0.0.1';","                    }","                });","        }","        // run the cli","        if (local.global.utility2_rollup || module !== require.main) {","            break;","        }","        local.assetsDict['/assets.example.js'] =","            local.assetsDict['/assets.example.js'] ||","            local.fs.readFileSync(__filename, 'utf8');","        // bug-workaround - long $npm_package_buildCustomOrg","        /* jslint-ignore-begin */","        local.assetsDict['/assets.npmtest_compoxure.rollup.js'] =","            local.assetsDict['/assets.npmtest_compoxure.rollup.js'] ||","            local.fs.readFileSync(","                local.npmtest_compoxure.__dirname + '/lib.npmtest_compoxure.js',","                'utf8'","            ).replace((/^#!/), '//');","        /* jslint-ignore-end */","        local.assetsDict['/favicon.ico'] = local.assetsDict['/favicon.ico'] || '';","        // if $npm_config_timeout_exit exists,","        // then exit this process after $npm_config_timeout_exit ms","        if (Number(process.env.npm_config_timeout_exit)) {","            setTimeout(process.exit, Number(process.env.npm_config_timeout_exit));","        }","        // start server","        if (local.global.utility2_serverHttp1) {","            break;","        }","        process.env.PORT = process.env.PORT || '8081';","        console.error('server starting on port ' + process.env.PORT);","        local.http.createServer(function (request, response) {","            request.urlParsed = local.url.parse(request.url);","            if (local.assetsDict[request.urlParsed.pathname] !== undefined) {","                response.end(local.assetsDict[request.urlParsed.pathname]);","                return;","            }","            response.statusCode = 404;","            response.end();","        }).listen(process.env.PORT);","        break;","    }","}());",""],"l":{"26":2,"28":2,"33":2,"35":2,"37":2,"38":2,"39":2,"44":1,"51":2,"55":2,"59":2,"61":2,"69":1,"70":2,"76":2,"79":2,"82":2,"83":2,"85":1,"89":2,"92":1,"93":1,"94":1,"96":1,"97":1,"100":1,"101":1,"103":1,"106":1,"108":2,"114":1,"116":1,"118":1,"123":1,"124":2,"125":2,"126":3,"127":3,"128":3,"129":3,"130":1,"133":3,"134":3,"139":3,"143":1,"144":3,"145":1,"149":1,"150":1,"158":1,"160":1,"161":1,"162":1,"164":1,"166":1,"258":1,"259":1,"271":1,"274":6,"275":6,"277":1,"279":2,"281":1,"283":2,"288":1,"289":1,"291":1,"296":1,"303":1,"306":1,"307":1,"310":1,"311":1,"313":1,"314":1,"315":1,"316":1,"317":1,"318":1,"319":1,"321":1,"322":1,"324":1}},"/home/travis/build/npmtest/node-npmtest-compoxure/node_modules/compoxure/index.js":{"path":"/home/travis/build/npmtest/node-npmtest-compoxure/node_modules/compoxure/index.js","s":{"1":1,"2":1,"3":1,"4":1,"5":0,"6":0,"7":0,"8":0,"9":0,"10":0,"11":0,"12":0,"13":0,"14":0,"15":0,"16":0,"17":0,"18":0,"19":0,"20":0,"21":0,"22":0},"b":{"1":[0,0],"2":[0,0],"3":[0,0],"4":[0,0],"5":[0,0]},"f":{"1":0,"2":0,"3":0,"4":0,"5":0,"6":0},"fnMap":{"1":{"name":"(anonymous_1)","line":5,"loc":{"start":{"line":5,"column":17},"end":{"line":5,"column":68}}},"2":{"name":"(anonymous_2)","line":8,"loc":{"start":{"line":8,"column":47},"end":{"line":8,"column":58}}},"3":{"name":"(anonymous_3)","line":9,"loc":{"start":{"line":9,"column":45},"end":{"line":9,"column":56}}},"4":{"name":"(anonymous_4)","line":11,"loc":{"start":{"line":11,"column":45},"end":{"line":11,"column":74}}},"5":{"name":"(anonymous_5)","line":34,"loc":{"start":{"line":34,"column":9},"end":{"line":34,"column":28}}},"6":{"name":"(anonymous_6)","line":35,"loc":{"start":{"line":35,"column":29},"end":{"line":35,"column":43}}}},"statementMap":{"1":{"start":{"line":1,"column":0},"end":{"line":1,"column":44}},"2":{"start":{"line":2,"column":0},"end":{"line":2,"column":40}},"3":{"start":{"line":3,"column":0},"end":{"line":3,"column":27}},"4":{"start":{"line":5,"column":0},"end":{"line":43,"column":2}},"5":{"start":{"line":7,"column":2},"end":{"line":7,"column":36}},"6":{"start":{"line":8,"column":2},"end":{"line":8,"column":61}},"7":{"start":{"line":9,"column":2},"end":{"line":9,"column":59}},"8":{"start":{"line":11,"column":2},"end":{"line":11,"column":99}},"9":{"start":{"line":11,"column":76},"end":{"line":11,"column":96}},"10":{"start":{"line":13,"column":2},"end":{"line":13,"column":107}},"11":{"start":{"line":14,"column":2},"end":{"line":14,"column":72}},"12":{"start":{"line":15,"column":2},"end":{"line":15,"column":66}},"13":{"start":{"line":16,"column":2},"end":{"line":16,"column":74}},"14":{"start":{"line":17,"column":2},"end":{"line":17,"column":68}},"15":{"start":{"line":18,"column":2},"end":{"line":18,"column":91}},"16":{"start":{"line":19,"column":2},"end":{"line":19,"column":77}},"17":{"start":{"line":20,"column":2},"end":{"line":20,"column":56}},"18":{"start":{"line":22,"column":2},"end":{"line":32,"column":49}},"19":{"start":{"line":34,"column":2},"end":{"line":41,"column":3}},"20":{"start":{"line":35,"column":4},"end":{"line":40,"column":7}},"21":{"start":{"line":36,"column":8},"end":{"line":39,"column":9}},"22":{"start":{"line":38,"column":12},"end":{"line":38,"column":24}}},"branchMap":{"1":{"line":7,"type":"binary-expr","locations":[{"start":{"line":7,"column":17},"end":{"line":7,"column":29}},{"start":{"line":7,"column":33},"end":{"line":7,"column":35}}]},"2":{"line":8,"type":"binary-expr","locations":[{"start":{"line":8,"column":24},"end":{"line":8,"column":43}},{"start":{"line":8,"column":47},"end":{"line":8,"column":60}}]},"3":{"line":9,"type":"binary-expr","locations":[{"start":{"line":9,"column":23},"end":{"line":9,"column":41}},{"start":{"line":9,"column":45},"end":{"line":9,"column":58}}]},"4":{"line":11,"type":"binary-expr","locations":[{"start":{"line":11,"column":23},"end":{"line":11,"column":41}},{"start":{"line":11,"column":45},"end":{"line":11,"column":98}}]},"5":{"line":36,"type":"if","locations":[{"start":{"line":36,"column":8},"end":{"line":36,"column":8}},{"start":{"line":36,"column":8},"end":{"line":36,"column":8}}]}},"code":["var cookieParser = require('cookie-parser');","var bodyParser = require('body-parser');","var ware = require('ware');","","module.exports = function(config, eventHandler, optionsTransformer) {","","  eventHandler = eventHandler || {};","  eventHandler.logger = eventHandler.logger || function() {};","  eventHandler.stats = eventHandler.stats || function() {};","","  optionsTransformer = optionsTransformer || function(req, options, next) { next(null, options); };","","  var backendProxyMiddleware = require('./src/middleware/proxy')(config, eventHandler, optionsTransformer);","  var cacheMiddleware = require('reliable-get/CacheMiddleware')(config);","  var selectBackend = require('./src/middleware/backend')(config);","  var rejectUnsupportedMediaType = require('./src/middleware/mediatypes');","  var passThrough = require('./src/middleware/passthrough')(config);","  var interrogateRequest = require('./src/middleware/interrorgator')(config, eventHandler);","  var cleanInvalidUri = require('./src/middleware/invalidurl')(eventHandler);","  var dropFavIcon = require('./src/middleware/favicon');","","  var middleware = ware()","                    .use(cleanInvalidUri)","                    .use(dropFavIcon)","                    .use(cacheMiddleware)","                    .use(interrogateRequest)","                    .use(selectBackend)","                    .use(rejectUnsupportedMediaType)","                    .use(passThrough)","                    .use(cookieParser)","                    .use(bodyParser.text({type: 'text/compoxure'}))","                    .use(backendProxyMiddleware);","","  return function(req, res) {","    middleware.run(req, res, function(err) {","        if(err) {","            // Just end fast - headers sent above if needed.","            res.end('');","        }","    });","  }","","};",""],"l":{"1":1,"2":1,"3":1,"5":1,"7":0,"8":0,"9":0,"11":0,"13":0,"14":0,"15":0,"16":0,"17":0,"18":0,"19":0,"20":0,"22":0,"34":0,"35":0,"36":0,"38":0}},"/home/travis/build/npmtest/node-npmtest-compoxure/node_modules/compoxure/src/debug-script.js":{"path":"/home/travis/build/npmtest/node-npmtest-compoxure/node_modules/compoxure/src/debug-script.js","s":{"1":2,"2":0,"3":0,"4":0,"5":0,"6":0,"7":0,"8":0,"9":0,"10":0,"11":0,"12":0,"13":0,"14":0,"15":0,"16":0,"17":0,"18":0,"19":0,"20":0},"b":{"1":[0,0]},"f":{"1":0,"2":0,"3":0,"4":0},"fnMap":{"1":{"name":"(anonymous_1)","line":2,"loc":{"start":{"line":2,"column":1},"end":{"line":2,"column":17}}},"2":{"name":"(anonymous_2)","line":4,"loc":{"start":{"line":4,"column":28},"end":{"line":4,"column":51}}},"3":{"name":"(anonymous_3)","line":16,"loc":{"start":{"line":16,"column":18},"end":{"line":16,"column":37}}},"4":{"name":"(anonymous_4)","line":22,"loc":{"start":{"line":22,"column":18},"end":{"line":22,"column":32}}}},"statementMap":{"1":{"start":{"line":2,"column":0},"end":{"line":32,"column":21}},"2":{"start":{"line":4,"column":2},"end":{"line":14,"column":4}},"3":{"start":{"line":5,"column":4},"end":{"line":5,"column":17}},"4":{"start":{"line":6,"column":4},"end":{"line":6,"column":19}},"5":{"start":{"line":8,"column":4},"end":{"line":13,"column":5}},"6":{"start":{"line":9,"column":6},"end":{"line":11,"column":7}},"7":{"start":{"line":10,"column":8},"end":{"line":10,"column":19}},"8":{"start":{"line":12,"column":6},"end":{"line":12,"column":19}},"9":{"start":{"line":16,"column":2},"end":{"line":27,"column":4}},"10":{"start":{"line":17,"column":4},"end":{"line":17,"column":45}},"11":{"start":{"line":18,"column":4},"end":{"line":18,"column":53}},"12":{"start":{"line":19,"column":4},"end":{"line":19,"column":76}},"13":{"start":{"line":20,"column":4},"end":{"line":20,"column":55}},"14":{"start":{"line":21,"column":4},"end":{"line":21,"column":44}},"15":{"start":{"line":22,"column":4},"end":{"line":26,"column":7}},"16":{"start":{"line":23,"column":6},"end":{"line":23,"column":24}},"17":{"start":{"line":24,"column":6},"end":{"line":24,"column":28}},"18":{"start":{"line":25,"column":6},"end":{"line":25,"column":30}},"19":{"start":{"line":29,"column":2},"end":{"line":29,"column":68}},"20":{"start":{"line":30,"column":2},"end":{"line":30,"column":52}}},"branchMap":{"1":{"line":9,"type":"if","locations":[{"start":{"line":9,"column":6},"end":{"line":9,"column":6}},{"start":{"line":9,"column":6},"end":{"line":9,"column":6}}]}},"code":["/*jslint browser: true, boss:true */","(function (w, d) {","","  var elBetweenDelimiters = function (first, last) {","    var els = [];","    var el = first;","","    while (el = el.nextSibling) {","      if (el === last) {","        return els;","      }","      els.push(el);","    }","  };","","  var markNodes = function (openTag) {","    var data = JSON.parse(openTag.innerHTML);","    var id = openTag.getAttribute('data-cx-open-id');","    var closeTag = d.querySelector('script[data-cx-close-id=\"' + id + '\"]');","    var nodes = elBetweenDelimiters(openTag, closeTag);","    console.log('cx fragment', data, nodes);","    nodes.forEach(function (el) {","      el.cxDebugId = id;","      el.cxDebugData = data;","      el.cxDebugNodes = nodes;","    });","  };","","  var openTags = d.querySelectorAll('script[type=\"cx-debug-open\"]');","  Array.prototype.forEach.call(openTags, markNodes);","","}(window, document));"],"l":{"2":2,"4":0,"5":0,"6":0,"8":0,"9":0,"10":0,"12":0,"16":0,"17":0,"18":0,"19":0,"20":0,"21":0,"22":0,"23":0,"24":0,"25":0,"29":0,"30":0}},"/home/travis/build/npmtest/node-npmtest-compoxure/node_modules/compoxure/src/extract-slots.js":{"path":"/home/travis/build/npmtest/node-npmtest-compoxure/node_modules/compoxure/src/extract-slots.js","s":{"1":1,"2":1,"3":1,"4":1,"5":1,"6":0,"7":0,"8":0,"9":0,"10":0,"11":0,"12":0,"13":0,"14":0,"15":0,"16":0,"17":0,"18":0,"19":0,"20":0,"21":0,"22":0,"23":0,"24":0,"25":0,"26":0,"27":0,"28":0,"29":0,"30":0,"31":0,"32":0,"33":0,"34":0,"35":0,"36":0,"37":0,"38":0,"39":0,"40":0,"41":0,"42":0,"43":1},"b":{"1":[0,0],"2":[0,0],"3":[0,0],"4":[0,0],"5":[0,0],"6":[0,0],"7":[0,0],"8":[0,0],"9":[0,0],"10":[0,0],"11":[0,0],"12":[0,0],"13":[0,0]},"f":{"1":0,"2":0,"3":0,"4":0,"5":0,"6":0,"7":0,"8":0},"fnMap":{"1":{"name":"extractSlots","line":6,"loc":{"start":{"line":6,"column":0},"end":{"line":6,"column":41}}},"2":{"name":"(anonymous_2)","line":18,"loc":{"start":{"line":18,"column":19},"end":{"line":18,"column":46}}},"3":{"name":"(anonymous_3)","line":34,"loc":{"start":{"line":34,"column":33},"end":{"line":34,"column":54}}},"4":{"name":"(anonymous_4)","line":39,"loc":{"start":{"line":39,"column":15},"end":{"line":39,"column":30}}},"5":{"name":"(anonymous_5)","line":44,"loc":{"start":{"line":44,"column":19},"end":{"line":44,"column":34}}},"6":{"name":"(anonymous_6)","line":49,"loc":{"start":{"line":49,"column":22},"end":{"line":49,"column":33}}},"7":{"name":"(anonymous_7)","line":54,"loc":{"start":{"line":54,"column":20},"end":{"line":54,"column":38}}},"8":{"name":"(anonymous_8)","line":68,"loc":{"start":{"line":68,"column":15},"end":{"line":68,"column":26}}}},"statementMap":{"1":{"start":{"line":1,"column":0},"end":{"line":1,"column":40}},"2":{"start":{"line":2,"column":0},"end":{"line":2,"column":38}},"3":{"start":{"line":3,"column":0},"end":{"line":3,"column":46}},"4":{"start":{"line":4,"column":0},"end":{"line":4,"column":38}},"5":{"start":{"line":6,"column":0},"end":{"line":74,"column":1}},"6":{"start":{"line":7,"column":4},"end":{"line":7,"column":20}},"7":{"start":{"line":8,"column":4},"end":{"line":8,"column":14}},"8":{"start":{"line":9,"column":4},"end":{"line":9,"column":20}},"9":{"start":{"line":10,"column":4},"end":{"line":10,"column":19}},"10":{"start":{"line":12,"column":4},"end":{"line":12,"column":20}},"11":{"start":{"line":14,"column":4},"end":{"line":14,"column":43}},"12":{"start":{"line":15,"column":4},"end":{"line":15,"column":50}},"13":{"start":{"line":17,"column":4},"end":{"line":72,"column":7}},"14":{"start":{"line":19,"column":12},"end":{"line":19,"column":76}},"15":{"start":{"line":20,"column":12},"end":{"line":32,"column":13}},"16":{"start":{"line":21,"column":16},"end":{"line":21,"column":47}},"17":{"start":{"line":22,"column":16},"end":{"line":22,"column":26}},"18":{"start":{"line":23,"column":16},"end":{"line":23,"column":62}},"19":{"start":{"line":24,"column":19},"end":{"line":32,"column":13}},"20":{"start":{"line":25,"column":16},"end":{"line":29,"column":17}},"21":{"start":{"line":26,"column":20},"end":{"line":26,"column":39}},"22":{"start":{"line":28,"column":20},"end":{"line":28,"column":40}},"23":{"start":{"line":30,"column":16},"end":{"line":30,"column":24}},"24":{"start":{"line":31,"column":16},"end":{"line":31,"column":84}},"25":{"start":{"line":35,"column":12},"end":{"line":37,"column":13}},"26":{"start":{"line":36,"column":16},"end":{"line":36,"column":55}},"27":{"start":{"line":40,"column":12},"end":{"line":42,"column":13}},"28":{"start":{"line":41,"column":16},"end":{"line":41,"column":43}},"29":{"start":{"line":45,"column":12},"end":{"line":47,"column":13}},"30":{"start":{"line":46,"column":16},"end":{"line":46,"column":52}},"31":{"start":{"line":50,"column":12},"end":{"line":52,"column":13}},"32":{"start":{"line":51,"column":16},"end":{"line":51,"column":44}},"33":{"start":{"line":55,"column":12},"end":{"line":66,"column":13}},"34":{"start":{"line":56,"column":16},"end":{"line":56,"column":24}},"35":{"start":{"line":57,"column":16},"end":{"line":60,"column":17}},"36":{"start":{"line":58,"column":20},"end":{"line":58,"column":44}},"37":{"start":{"line":59,"column":20},"end":{"line":59,"column":27}},"38":{"start":{"line":61,"column":16},"end":{"line":65,"column":17}},"39":{"start":{"line":62,"column":20},"end":{"line":62,"column":63}},"40":{"start":{"line":64,"column":20},"end":{"line":64,"column":40}},"41":{"start":{"line":69,"column":12},"end":{"line":69,"column":34}},"42":{"start":{"line":73,"column":4},"end":{"line":73,"column":24}},"43":{"start":{"line":76,"column":0},"end":{"line":76,"column":30}}},"branchMap":{"1":{"line":14,"type":"binary-expr","locations":[{"start":{"line":14,"column":20},"end":{"line":14,"column":33}},{"start":{"line":14,"column":37},"end":{"line":14,"column":42}}]},"2":{"line":15,"type":"binary-expr","locations":[{"start":{"line":15,"column":23},"end":{"line":15,"column":39}},{"start":{"line":15,"column":43},"end":{"line":15,"column":49}}]},"3":{"line":20,"type":"if","locations":[{"start":{"line":20,"column":12},"end":{"line":20,"column":12}},{"start":{"line":20,"column":12},"end":{"line":20,"column":12}}]},"4":{"line":23,"type":"binary-expr","locations":[{"start":{"line":23,"column":37},"end":{"line":23,"column":55}},{"start":{"line":23,"column":59},"end":{"line":23,"column":61}}]},"5":{"line":24,"type":"if","locations":[{"start":{"line":24,"column":19},"end":{"line":24,"column":19}},{"start":{"line":24,"column":19},"end":{"line":24,"column":19}}]},"6":{"line":25,"type":"if","locations":[{"start":{"line":25,"column":16},"end":{"line":25,"column":16}},{"start":{"line":25,"column":16},"end":{"line":25,"column":16}}]},"7":{"line":35,"type":"if","locations":[{"start":{"line":35,"column":12},"end":{"line":35,"column":12}},{"start":{"line":35,"column":12},"end":{"line":35,"column":12}}]},"8":{"line":40,"type":"if","locations":[{"start":{"line":40,"column":12},"end":{"line":40,"column":12}},{"start":{"line":40,"column":12},"end":{"line":40,"column":12}}]},"9":{"line":45,"type":"if","locations":[{"start":{"line":45,"column":12},"end":{"line":45,"column":12}},{"start":{"line":45,"column":12},"end":{"line":45,"column":12}}]},"10":{"line":50,"type":"if","locations":[{"start":{"line":50,"column":12},"end":{"line":50,"column":12}},{"start":{"line":50,"column":12},"end":{"line":50,"column":12}}]},"11":{"line":55,"type":"if","locations":[{"start":{"line":55,"column":12},"end":{"line":55,"column":12}},{"start":{"line":55,"column":12},"end":{"line":55,"column":12}}]},"12":{"line":57,"type":"if","locations":[{"start":{"line":57,"column":16},"end":{"line":57,"column":16}},{"start":{"line":57,"column":16},"end":{"line":57,"column":16}}]},"13":{"line":61,"type":"if","locations":[{"start":{"line":61,"column":16},"end":{"line":61,"column":16}},{"start":{"line":61,"column":16},"end":{"line":61,"column":16}}]}},"code":["var htmlparser = require('htmlparser2');","var Core = require('parxer/lib/core');","var voidElements = require('parxer/lib/void');","var attr = require('parxer/lib/attr');","","function extractSlots(content, callback) {","    var currentSlot;","    var depth;","    var selfClosing;","    var slots = {};","","    var config = {};","    // Defaults","    config.prefix = config.prefix || 'cx-';","    config.rawSuffix = config.rawSuffix || '-raw';","","    var parser = new htmlparser.Parser({","        onopentag: function(tagname, attribs) {","            var useSlot = attr.getAttr(config.prefix + 'use-slot', attribs);","            if (useSlot){","                currentSlot = attribs[useSlot];","                depth = 1;","                slots[currentSlot] = slots[currentSlot] || '';","            } else if (currentSlot) {","                if(voidElements[tagname]) {","                    selfClosing = true;","                } else {","                    selfClosing = false;","                }","                depth++;","                slots[currentSlot] += Core.createTag(tagname, attribs, selfClosing);","            }","        },","        onprocessinginstruction: function(name, data) {","            if (currentSlot) {","                slots[currentSlot] += '<' + data + '>';","            }","        },","        ontext:function(data) {","            if (currentSlot) {","                slots[currentSlot] += data;","            }","        },","        oncomment: function(data) {","            if (currentSlot) {","                slots[currentSlot] += '<!--' + data;","            }","        },","        oncommentend: function() {","            if (currentSlot) {","                slots[currentSlot] += '-->';","            }","        },","        onclosetag: function(tagname) {","            if (currentSlot) {","                depth--;","                if (depth === 0) {","                    currentSlot = undefined;","                    return;","                }","                if (!selfClosing) {","                    slots[currentSlot] += '</' + tagname + '>';","                } else {","                    selfClosing = false;","                }","            }","        },","        onend: function() {","            callback(null, slots);","        },","        recognizeSelfClosing: true","    });","    parser.end(content);","}","","module.exports = extractSlots;",""],"l":{"1":1,"2":1,"3":1,"4":1,"6":1,"7":0,"8":0,"9":0,"10":0,"12":0,"14":0,"15":0,"17":0,"19":0,"20":0,"21":0,"22":0,"23":0,"24":0,"25":0,"26":0,"28":0,"30":0,"31":0,"35":0,"36":0,"40":0,"41":0,"45":0,"46":0,"50":0,"51":0,"55":0,"56":0,"57":0,"58":0,"59":0,"61":0,"62":0,"64":0,"69":0,"73":0,"76":1}},"/home/travis/build/npmtest/node-npmtest-compoxure/node_modules/compoxure/src/utils.js":{"path":"/home/travis/build/npmtest/node-npmtest-compoxure/node_modules/compoxure/src/utils.js","s":{"1":1,"2":1,"3":0,"4":0,"5":0,"6":0,"7":0,"8":0,"9":0,"10":0,"11":0,"12":0,"13":0,"14":0,"15":1,"16":0,"17":0,"18":0,"19":0,"20":0,"21":1,"22":0,"23":0,"24":0,"25":1,"26":0,"27":0,"28":0,"29":0,"30":0,"31":0,"32":0,"33":0,"34":0,"35":1,"36":0,"37":0,"38":0,"39":0,"40":0,"41":1,"42":0,"43":0,"44":0,"45":0,"46":0,"47":0,"48":0,"49":1},"b":{"1":[0,0],"2":[0,0,0,0,0],"3":[0,0],"4":[0,0],"5":[0,0],"6":[0,0],"7":[0,0],"8":[0,0],"9":[0,0],"10":[0,0]},"f":{"1":0,"2":0,"3":0,"4":0,"5":0,"6":0,"7":0,"8":0,"9":0,"10":0},"fnMap":{"1":{"name":"timeToMillis","line":5,"loc":{"start":{"line":5,"column":0},"end":{"line":5,"column":34}}},"2":{"name":"cacheKeytoStatsd","line":33,"loc":{"start":{"line":33,"column":0},"end":{"line":33,"column":31}}},"3":{"name":"urlToCacheKey","line":41,"loc":{"start":{"line":41,"column":0},"end":{"line":41,"column":28}}},"4":{"name":"formatTemplateVariables","line":47,"loc":{"start":{"line":47,"column":0},"end":{"line":47,"column":44}}},"5":{"name":"(anonymous_5)","line":48,"loc":{"start":{"line":48,"column":29},"end":{"line":48,"column":64}}},"6":{"name":"filterCookies","line":64,"loc":{"start":{"line":64,"column":0},"end":{"line":64,"column":43}}},"7":{"name":"(anonymous_7)","line":65,"loc":{"start":{"line":65,"column":27},"end":{"line":65,"column":57}}},"8":{"name":"getBackendConfig","line":74,"loc":{"start":{"line":74,"column":0},"end":{"line":74,"column":44}}},"9":{"name":"(anonymous_9)","line":75,"loc":{"start":{"line":75,"column":32},"end":{"line":75,"column":50}}},"10":{"name":"(anonymous_10)","line":78,"loc":{"start":{"line":78,"column":44},"end":{"line":78,"column":63}}}},"statementMap":{"1":{"start":{"line":3,"column":0},"end":{"line":3,"column":26}},"2":{"start":{"line":5,"column":0},"end":{"line":31,"column":1}},"3":{"start":{"line":7,"column":2},"end":{"line":10,"column":14}},"4":{"start":{"line":12,"column":2},"end":{"line":27,"column":3}},"5":{"start":{"line":14,"column":4},"end":{"line":14,"column":33}},"6":{"start":{"line":15,"column":4},"end":{"line":15,"column":10}},"7":{"start":{"line":17,"column":4},"end":{"line":17,"column":38}},"8":{"start":{"line":18,"column":4},"end":{"line":18,"column":10}},"9":{"start":{"line":20,"column":4},"end":{"line":20,"column":43}},"10":{"start":{"line":21,"column":4},"end":{"line":21,"column":10}},"11":{"start":{"line":23,"column":4},"end":{"line":23,"column":48}},"12":{"start":{"line":24,"column":4},"end":{"line":24,"column":10}},"13":{"start":{"line":26,"column":4},"end":{"line":26,"column":26}},"14":{"start":{"line":29,"column":2},"end":{"line":29,"column":15}},"15":{"start":{"line":33,"column":0},"end":{"line":39,"column":1}},"16":{"start":{"line":34,"column":2},"end":{"line":34,"column":32}},"17":{"start":{"line":35,"column":2},"end":{"line":35,"column":31}},"18":{"start":{"line":36,"column":2},"end":{"line":36,"column":31}},"19":{"start":{"line":37,"column":2},"end":{"line":37,"column":32}},"20":{"start":{"line":38,"column":2},"end":{"line":38,"column":13}},"21":{"start":{"line":41,"column":0},"end":{"line":45,"column":1}},"22":{"start":{"line":42,"column":2},"end":{"line":42,"column":35}},"23":{"start":{"line":43,"column":2},"end":{"line":43,"column":30}},"24":{"start":{"line":44,"column":2},"end":{"line":44,"column":13}},"25":{"start":{"line":47,"column":0},"end":{"line":62,"column":1}},"26":{"start":{"line":48,"column":2},"end":{"line":61,"column":9}},"27":{"start":{"line":49,"column":4},"end":{"line":51,"column":5}},"28":{"start":{"line":50,"column":6},"end":{"line":50,"column":20}},"29":{"start":{"line":53,"column":4},"end":{"line":53,"column":46}},"30":{"start":{"line":54,"column":4},"end":{"line":54,"column":48}},"31":{"start":{"line":55,"column":4},"end":{"line":55,"column":66}},"32":{"start":{"line":57,"column":4},"end":{"line":57,"column":56}},"33":{"start":{"line":58,"column":4},"end":{"line":58,"column":80}},"34":{"start":{"line":60,"column":4},"end":{"line":60,"column":18}},"35":{"start":{"line":64,"column":0},"end":{"line":72,"column":1}},"36":{"start":{"line":65,"column":2},"end":{"line":71,"column":9}},"37":{"start":{"line":66,"column":4},"end":{"line":69,"column":5}},"38":{"start":{"line":67,"column":6},"end":{"line":67,"column":35}},"39":{"start":{"line":68,"column":6},"end":{"line":68,"column":34}},"40":{"start":{"line":70,"column":4},"end":{"line":70,"column":18}},"41":{"start":{"line":74,"column":0},"end":{"line":89,"column":1}},"42":{"start":{"line":75,"column":2},"end":{"line":88,"column":5}},"43":{"start":{"line":77,"column":4},"end":{"line":81,"column":5}},"44":{"start":{"line":78,"column":6},"end":{"line":80,"column":9}},"45":{"start":{"line":79,"column":8},"end":{"line":79,"column":45}},"46":{"start":{"line":83,"column":4},"end":{"line":87,"column":5}},"47":{"start":{"line":84,"column":6},"end":{"line":86,"column":7}},"48":{"start":{"line":85,"column":8},"end":{"line":85,"column":74}},"49":{"start":{"line":91,"column":0},"end":{"line":99,"column":2}}},"branchMap":{"1":{"line":9,"type":"binary-expr","locations":[{"start":{"line":9,"column":13},"end":{"line":9,"column":23}},{"start":{"line":9,"column":27},"end":{"line":9,"column":31}}]},"2":{"line":12,"type":"switch","locations":[{"start":{"line":13,"column":2},"end":{"line":15,"column":10}},{"start":{"line":16,"column":2},"end":{"line":18,"column":10}},{"start":{"line":19,"column":2},"end":{"line":21,"column":10}},{"start":{"line":22,"column":2},"end":{"line":24,"column":10}},{"start":{"line":25,"column":2},"end":{"line":26,"column":26}}]},"3":{"line":49,"type":"if","locations":[{"start":{"line":49,"column":4},"end":{"line":49,"column":4}},{"start":{"line":49,"column":4},"end":{"line":49,"column":4}}]},"4":{"line":66,"type":"if","locations":[{"start":{"line":66,"column":4},"end":{"line":66,"column":4}},{"start":{"line":66,"column":4},"end":{"line":66,"column":4}}]},"5":{"line":66,"type":"binary-expr","locations":[{"start":{"line":66,"column":8},"end":{"line":66,"column":30}},{"start":{"line":66,"column":34},"end":{"line":66,"column":60}}]},"6":{"line":67,"type":"cond-expr","locations":[{"start":{"line":67,"column":25},"end":{"line":67,"column":29}},{"start":{"line":67,"column":32},"end":{"line":67,"column":34}}]},"7":{"line":77,"type":"if","locations":[{"start":{"line":77,"column":4},"end":{"line":77,"column":4}},{"start":{"line":77,"column":4},"end":{"line":77,"column":4}}]},"8":{"line":83,"type":"if","locations":[{"start":{"line":83,"column":4},"end":{"line":83,"column":4}},{"start":{"line":83,"column":4},"end":{"line":83,"column":4}}]},"9":{"line":83,"type":"binary-expr","locations":[{"start":{"line":83,"column":8},"end":{"line":83,"column":11}},{"start":{"line":83,"column":15},"end":{"line":83,"column":24}}]},"10":{"line":84,"type":"if","locations":[{"start":{"line":84,"column":6},"end":{"line":84,"column":6}},{"start":{"line":84,"column":6},"end":{"line":84,"column":6}}]}},"code":["'use strict';","","var _ = require('lodash');","","function timeToMillis(timeString) {","","  var matched = new RegExp('(\\\\d+)(.*)').exec(timeString),","    num = matched[1],","    period = matched[2] || 'ms',","    value = 0;","","  switch (period) {","  case 's':","    value = parseInt(num) * 1000;","    break;","  case 'm':","    value = parseInt(num) * 1000 * 60;","    break;","  case 'h':","    value = parseInt(num) * 1000 * 60 * 60;","    break;","  case 'd':","    value = parseInt(num) * 1000 * 60 * 60 * 24;","    break;","  default:","    value = parseInt(num);","  }","","  return value;","","}","","function cacheKeytoStatsd(key) {","  key = key.replace(/\\./g, '_');","  key = key.replace(/-/g, '_');","  key = key.replace(/:/g, '_');","  key = key.replace(/\\//g, '_');","  return key;","}","","function urlToCacheKey(url) {","  url = url.replace('http://', '');","  url = cacheKeytoStatsd(url);","  return url;","}","","function formatTemplateVariables(variables) {","  return _.reduce(variables, function (result, variable, cxKey) {","    if (cxKey.indexOf('x-') === -1) {","      return result;","    }","","    var strippedKey = cxKey.replace('x-', '');","    var variableKey = strippedKey.split('|')[0];","    var variableName = strippedKey.replace(variableKey + '|', '');","","    result[variableKey + ':' + variableName] = variable;","    result[variableKey + ':' + variableName + ':encoded'] = encodeURI(variable);","","    return result;","  }, {});","}","","function filterCookies(whitelist, cookies) {","  return _.reduce(cookies, function (result, value, key) {","    if (whitelist.length === 0 || _.contains(whitelist, key)) {","      result += result ? '; ' : '';","      result += key + '=' + value;","    }","    return result;","  }, '');","}","","function getBackendConfig(config, url, req) {","  return _.find(config.backend, function (server) {","    // Then try to match based on pattern in backend Config","    if (server.pattern) {","      return [].concat(server.pattern).some(function (pattern) {","        return new RegExp(pattern).test(url);","      });","    }","    // Finally try to match based on lookup function in backend Config","    if (req && server.fn) { // for layout config I am not passing req !","      if (typeof config.functions[server.fn] == 'function') {","        return config.functions[server.fn](req, req.templateVars, server);","      }","    }","  });","}","","module.exports = {","  timeToMillis: timeToMillis,","  urlToCacheKey: urlToCacheKey,","  cacheKeytoStatsd: cacheKeytoStatsd,","  render: require('parxer').render,","  formatTemplateVariables: formatTemplateVariables,","  filterCookies: filterCookies,","  getBackendConfig: getBackendConfig,","};",""],"l":{"3":1,"5":1,"7":0,"12":0,"14":0,"15":0,"17":0,"18":0,"20":0,"21":0,"23":0,"24":0,"26":0,"29":0,"33":1,"34":0,"35":0,"36":0,"37":0,"38":0,"41":1,"42":0,"43":0,"44":0,"47":1,"48":0,"49":0,"50":0,"53":0,"54":0,"55":0,"57":0,"58":0,"60":0,"64":1,"65":0,"66":0,"67":0,"68":0,"70":0,"74":1,"75":0,"77":0,"78":0,"79":0,"83":0,"84":0,"85":0,"91":1}},"/home/travis/build/npmtest/node-npmtest-compoxure/node_modules/compoxure/src/middleware/backend.js":{"path":"/home/travis/build/npmtest/node-npmtest-compoxure/node_modules/compoxure/src/middleware/backend.js","s":{"1":1,"2":1,"3":1,"4":1,"5":0,"6":0,"7":0,"8":0,"9":0,"10":0,"11":0,"12":0,"13":0,"14":0,"15":0,"16":0,"17":0,"18":0,"19":0,"20":0,"21":0,"22":0,"23":0},"b":{"1":[0,0],"2":[0,0],"3":[0,0],"4":[0,0],"5":[0,0],"6":[0,0],"7":[0,0],"8":[0,0],"9":[0,0],"10":[0,0],"11":[0,0],"12":[0,0],"13":[0,0],"14":[0,0],"15":[0,0]},"f":{"1":0,"2":0,"3":0},"fnMap":{"1":{"name":"(anonymous_1)","line":5,"loc":{"start":{"line":5,"column":17},"end":{"line":5,"column":35}}},"2":{"name":"selectBackend","line":20,"loc":{"start":{"line":20,"column":9},"end":{"line":20,"column":48}}},"3":{"name":"(anonymous_3)","line":33,"loc":{"start":{"line":33,"column":45},"end":{"line":33,"column":63}}}},"statementMap":{"1":{"start":{"line":1,"column":0},"end":{"line":1,"column":46}},"2":{"start":{"line":2,"column":0},"end":{"line":2,"column":26}},"3":{"start":{"line":3,"column":0},"end":{"line":3,"column":32}},"4":{"start":{"line":5,"column":0},"end":{"line":63,"column":1}},"5":{"start":{"line":7,"column":2},"end":{"line":18,"column":5}},"6":{"start":{"line":20,"column":2},"end":{"line":62,"column":3}},"7":{"start":{"line":22,"column":4},"end":{"line":28,"column":6}},"8":{"start":{"line":30,"column":4},"end":{"line":41,"column":5}},"9
[...]
mn":8},"end":{"line":124,"column":10}},"39":{"start":{"line":105,"column":10},"end":{"line":107,"column":11}},"40":{"start":{"line":106,"column":12},"end":{"line":106,"column":40}},"41":{"start":{"line":110,"column":10},"end":{"line":116,"column":11}},"42":{"start":{"line":111,"column":12},"end":{"line":111,"column":72}},"43":{"start":{"line":112,"column":12},"end":{"line":112,"column":81}},"44":{"start":{"line":113,"column":12},"end":{"line":115,"column":13}},"45":{"start":{"line":114,"column":14},"end":{"line":114,"column":102}},"46":{"start":{"line":118,"column":10},"end":{"line":123,"column":11}},"47":{"start":{"line":119,"column":12},"end":{"line":119,"column":119}},"48":{"start":{"line":120,"column":12},"end":{"line":120,"column":33}},"49":{"start":{"line":122,"column":12},"end":{"line":122,"column":29}},"50":{"start":{"line":127,"column":6},"end":{"line":133,"column":7}},"51":{"start":{"line":128,"column":8},"end":{"line":128,"column":62}},"52":{"start":{"line":129,"column":8},"end":{"line":132,"column":11}},"53":{"start":{"line":130,"column":10},"end":{"line":130,"column":63}},"54":{"start":{"line":131,"column":10},"end":{"line":131,"column":66}},"55":{"start":{"line":131,"column":29},"end":{"line":131,"column":64}},"56":{"start":{"line":135,"column":6},"end":{"line":141,"column":7}},"57":{"start":{"line":136,"column":8},"end":{"line":136,"column":62}},"58":{"start":{"line":137,"column":8},"end":{"line":140,"column":11}},"59":{"start":{"line":138,"column":10},"end":{"line":138,"column":51}},"60":{"start":{"line":139,"column":10},"end":{"line":139,"column":66}},"61":{"start":{"line":139,"column":29},"end":{"line":139,"column":64}},"62":{"start":{"line":143,"column":6},"end":{"line":193,"column":9}},"63":{"start":{"line":144,"column":8},"end":{"line":144,"column":45}},"64":{"start":{"line":144,"column":19},"end":{"line":144,"column":43}},"65":{"start":{"line":146,"column":8},"end":{"line":149,"column":9}},"66":{"start":{"line":147,"column":10},"end":{"line":147,"column":30}},"67":{"start":{"line":148,"column":10},"end":{"line":148,"column":17}},"68":{"start":{"line":151,"column":8},"end":{"line":192,"column":12}},"69":{"start":{"line":152,"column":10},"end":{"line":152,"column":24}},"70":{"start":{"line":153,"column":10},"end":{"line":153,"column":80}},"71":{"start":{"line":154,"column":10},"end":{"line":154,"column":73}},"72":{"start":{"line":155,"column":10},"end":{"line":157,"column":11}},"73":{"start":{"line":156,"column":12},"end":{"line":156,"column":72}},"74":{"start":{"line":158,"column":10},"end":{"line":158,"column":33}},"75":{"start":{"line":159,"column":10},"end":{"line":159,"column":47}},"76":{"start":{"line":160,"column":10},"end":{"line":191,"column":11}},"77":{"start":{"line":161,"column":12},"end":{"line":161,"column":85}},"78":{"start":{"line":162,"column":12},"end":{"line":162,"column":48}},"79":{"start":{"line":164,"column":12},"end":{"line":188,"column":15}},"80":{"start":{"line":165,"column":14},"end":{"line":165,"column":46}},"81":{"start":{"line":167,"column":14},"end":{"line":167,"column":75}},"82":{"start":{"line":168,"column":14},"end":{"line":170,"column":37}},"83":{"start":{"line":172,"column":14},"end":{"line":174,"column":26}},"84":{"start":{"line":177,"column":14},"end":{"line":187,"column":18}},"85":{"start":{"line":186,"column":16},"end":{"line":186,"column":44}},"86":{"start":{"line":190,"column":12},"end":{"line":190,"column":40}}},"branchMap":{"1":{"line":22,"type":"binary-expr","locations":[{"start":{"line":22,"column":19},"end":{"line":22,"column":42}},{"start":{"line":22,"column":46},"end":{"line":22,"column":57}}]},"2":{"line":25,"type":"binary-expr","locations":[{"start":{"line":25,"column":18},"end":{"line":25,"column":37}},{"start":{"line":25,"column":41},"end":{"line":25,"column":49}}]},"3":{"line":26,"type":"binary-expr","locations":[{"start":{"line":26,"column":20},"end":{"line":26,"column":45}},{"start":{"line":26,"column":49},"end":{"line":26,"column":58}}]},"4":{"line":27,"type":"binary-expr","locations":[{"start":{"line":27,"column":24},"end":{"line":27,"column":52}},{"start":{"line":27,"column":56},"end":{"line":27,"column":80}},{"start":{"line":27,"column":84},"end":{"line":27,"column":119}}]},"5":{"line":28,"type":"binary-expr","locations":[{"start":{"line":28,"column":19},"end":{"line":28,"column":49}},{"start":{"line":28,"column":53},"end":{"line":28,"column":66}}]},"6":{"line":30,"type":"cond-expr","locations":[{"start":{"line":30,"column":60},"end":{"line":30,"column":62}},{"start":{"line":30,"column":65},"end":{"line":30,"column":72}}]},"7":{"line":32,"type":"binary-expr","locations":[{"start":{"line":32,"column":15},"end":{"line":32,"column":27}},{"start":{"line":32,"column":31},"end":{"line":32,"column":41}}]},"8":{"line":33,"type":"binary-expr","locations":[{"start":{"line":33,"column":17},"end":{"line":33,"column":31}},{"start":{"line":33,"column":35},"end":{"line":33,"column":46}}]},"9":{"line":36,"type":"binary-expr","locations":[{"start":{"line":36,"column":30},"end":{"line":36,"column":46}},{"start":{"line":36,"column":50},"end":{"line":36,"column":69}}]},"10":{"line":37,"type":"binary-expr","locations":[{"start":{"line":37,"column":29},"end":{"line":37,"column":59}},{"start":{"line":37,"column":63},"end":{"line":37,"column":76}}]},"11":{"line":47,"type":"binary-expr","locations":[{"start":{"line":47,"column":44},"end":{"line":47,"column":55}},{"start":{"line":47,"column":59},"end":{"line":47,"column":64}}]},"12":{"line":48,"type":"binary-expr","locations":[{"start":{"line":48,"column":26},"end":{"line":48,"column":41}},{"start":{"line":48,"column":45},"end":{"line":48,"column":64}}]},"13":{"line":51,"type":"if","locations":[{"start":{"line":51,"column":6},"end":{"line":51,"column":6}},{"start":{"line":51,"column":6},"end":{"line":51,"column":6}}]},"14":{"line":51,"type":"binary-expr","locations":[{"start":{"line":51,"column":10},"end":{"line":51,"column":20}},{"start":{"line":51,"column":24},"end":{"line":51,"column":38}}]},"15":{"line":53,"type":"if","locations":[{"start":{"line":53,"column":6},"end":{"line":53,"column":6}},{"start":{"line":53,"column":6},"end":{"line":53,"column":6}}]},"16":{"line":53,"type":"binary-expr","locations":[{"start":{"line":53,"column":10},"end":{"line":53,"column":21}},{"start":{"line":53,"column":25},"end":{"line":53,"column":43}}]},"17":{"line":54,"type":"binary-expr","locations":[{"start":{"line":54,"column":24},"end":{"line":54,"column":38}},{"start":{"line":54,"column":42},"end":{"line":54,"column":66}}]},"18":{"line":55,"type":"cond-expr","locations":[{"start":{"line":55,"column":44},"end":{"line":55,"column":87}},{"start":{"line":55,"column":90},"end":{"line":55,"column":108}}]},"19":{"line":58,"type":"if","locations":[{"start":{"line":58,"column":6},"end":{"line":58,"column":6}},{"start":{"line":58,"column":6},"end":{"line":58,"column":6}}]},"20":{"line":62,"type":"if","locations":[{"start":{"line":62,"column":6},"end":{"line":62,"column":6}},{"start":{"line":62,"column":6},"end":{"line":62,"column":6}}]},"21":{"line":64,"type":"binary-expr","locations":[{"start":{"line":64,"column":35},"end":{"line":64,"column":54}},{"start":{"line":64,"column":58},"end":{"line":64,"column":60}}]},"22":{"line":80,"type":"binary-expr","locations":[{"start":{"line":80,"column":36},"end":{"line":80,"column":51}},{"start":{"line":80,"column":55},"end":{"line":80,"column":74}}]},"23":{"line":89,"type":"cond-expr","locations":[{"start":{"line":89,"column":48},"end":{"line":89,"column":54}},{"start":{"line":89,"column":57},"end":{"line":89,"column":64}}]},"24":{"line":96,"type":"if","locations":[{"start":{"line":96,"column":8},"end":{"line":96,"column":8}},{"start":{"line":96,"column":8},"end":{"line":96,"column":8}}]},"25":{"line":97,"type":"binary-expr","locations":[{"start":{"line":97,"column":24},"end":{"line":97,"column":38}},{"start":{"line":97,"column":42},"end":{"line":97,"column":74}}]},"26":{"line":105,"type":"if","locations":[{"start":{"line":105,"column":10},"end":{"line":105,"column":10}},{"start":{"line":105,"column":10},"end":{"line":105,"column":10}}]},"27":{"line":110,"type":"if","locations":[{"start":{"line":110,"column":10},"end":{"line":110,"column":10}},{"start":{"line":110,"column":10},"end":{"line":110,"column":10}}]},"28":{"line":110,"type":"binary-expr","locations":[{"start":{"line":110,"column":14},"end":{"line":110,"column":28}},{"start":{"line":110,"column":32},"end":{"line":110,"column":57}},{"start":{"line":110,"column":61},"end":{"line":110,"column":102}}]},"29":{"line":112,"type":"binary-expr","locations":[{"start":{"line":112,"column":28},"end":{"line":112,"column":44}},{"start":{"line":112,"column":48},"end":{"line":112,"column":80}}]},"30":{"line":113,"type":"if","locations":[{"start":{"line":113,"column":12},"end":{"line":113,"column":12}},{"start":{"line":113,"column":12},"end":{"line":113,"column":12}}]},"31":{"line":118,"type":"if","locations":[{"start":{"line":118,"column":10},"end":{"line":118,"column":10}},{"start":{"line":118,"column":10},"end":{"line":118,"column":10}}]},"32":{"line":118,"type":"binary-expr","locations":[{"start":{"line":118,"column":14},"end":{"line":118,"column":38}},{"start":{"line":118,"column":42},"end":{"line":118,"column":50}}]},"33":{"line":131,"type":"if","locations":[{"start":{"line":131,"column":10},"end":{"line":131,"column":10}},{"start":{"line":131,"column":10},"end":{"line":131,"column":10}}]},"34":{"line":136,"type":"binary-expr","locations":[{"start":{"line":136,"column":29},"end":{"line":136,"column":55}},{"start":{"line":136,"column":59},"end":{"line":136,"column":61}}]},"35":{"line":139,"type":"if","locations":[{"start":{"line":139,"column":10},"end":{"line":139,"column":10}},{"start":{"line":139,"column":10},"end":{"line":139,"column":10}}]},"36":{"line":144,"type":"if","locations":[{"start":{"line":144,"column":8},"end":{"line":144,"column":8}},{"start":{"line":144,"column":8},"end":{"line":144,"column":8}}]},"37":{"line":146,"type":"if","locations":[{"start":{"line":146,"column":8},"end":{"line":146,"column":8}},{"start":{"line":146,"column":8},"end":{"line":146,"column":8}}]},"38":{"line":146,"type":"binary-expr","locations":[{"start":{"line":146,"column":12},"end":{"line":146,"column":34}},{"start":{"line":146,"column":38},"end":{"line":146,"column":59}},{"start":{"line":146,"column":63},"end":{"line":146,"column":87}}]},"39":{"line":155,"type":"if","locations":[{"start":{"line":155,"column":10},"end":{"line":155,"column":10}},{"start":{"line":155,"column":10},"end":{"line":155,"column":10}}]},"40":{"line":160,"type":"if","locations":[{"start":{"line":160,"column":10},"end":{"line":160,"column":10}},{"start":{"line":160,"column":10},"end":{"line":160,"column":10}}]},"41":{"line":168,"type":"cond-expr","locations":[{"start":{"line":169,"column":16},"end":{"line":169,"column":68}},{"start":{"line":170,"column":16},"end":{"line":170,"column":36}}]},"42":{"line":168,"type":"binary-expr","locations":[{"start":{"line":168,"column":29},"end":{"line":168,"column":41}},{"start":{"line":168,"column":45},"end":{"line":168,"column":66}}]},"43":{"line":172,"type":"cond-expr","locations":[{"start":{"line":173,"column":16},"end":{"line":173,"column":37}},{"start":{"line":174,"column":16},"end":{"line":174,"column":25}}]},"44":{"line":172,"type":"binary-expr","locations":[{"start":{"line":172,"column":29},"end":{"line":172,"column":41}},{"start":{"line":172,"column":45},"end":{"line":172,"column":66}}]}},"code":["var _ = require('lodash');","var utils = require('../utils');","var HtmlParserProxy = require('./htmlparser');","var HttpStatus = require('http-status-codes');","var ReliableGet = require('reliable-get');","var url = require('url');","var extractSlots = require('../extract-slots');","var Core = require('parxer/lib/core');","","module.exports = function backendProxyMiddleware(config, eventHandler, optionsTransformer) {","","  var reliableGet = new ReliableGet(config),","    htmlParserMiddleware = HtmlParserProxy.getMiddleware(config, reliableGet, eventHandler, optionsTransformer);","","  reliableGet.on('log', eventHandler.logger);","  reliableGet.on('stat', eventHandler.stats);","","  return function (req, res) {","","    htmlParserMiddleware(req, res, function () {","","      req.tracer = req.headers['x-tracer'] || 'no-tracer';","","      var DEFAULT_LOW_TIMEOUT = 5000,","        referer = req.headers.referer || 'direct',","        userAgent = req.headers['user-agent'] || 'unknown',","        remoteAddress = req.connection.remoteAddress || req.socket.remoteAddress || req.connection.socket.remoteAddress,","        remoteIp = req.headers['x-forwarded-for'] || remoteAddress,","        backend = req.backend,","        targetUrl = backend.target + (backend.dontPassUrl ? '' : req.url),","        targetHost = url.parse(backend.target).hostname,","        host = backend.host || targetHost,","        accept = backend.accept || 'text/html',","        device = req.templateVars['device:type'],","        backendHeaders = {","          'x-forwarded-host': req.headers.host || 'no-forwarded-host',","          'x-forwarded-for': req.headers['x-forwarded-for'] || remoteAddress,","          host: host,","          accept: accept,","          'x-tracer': req.tracer,","          'user-agent': userAgent,","          'x-device': device,","          'x-geoip-country-code': req.headers['x-geoip-country-code'],","          'x-csrf-token': req.headers['x-csrf-token']","        },","        targetCacheKey = backend.cacheKey,","        targetCacheTTL = utils.timeToMillis(backend.ttl || '30s'),","        explicitNoCache = backend.noCache || req.explicitNoCache,","        options;","","      if (config.cdn && config.cdn.url) { backendHeaders['x-cdn-url'] = config.cdn.url; }","","      if (req.cookies && req.headers.cookie) {","        var whitelist = config.cookies && config.cookies.whitelist;","        backendHeaders.cookie = whitelist ? utils.filterCookies(whitelist, req.cookies) : req.headers.cookie;","      }","","      if (req.headers['accept-language']) {","        backendHeaders['accept-language'] = req.headers['accept-language'];","      }","","      if (backend.headers) {","        backend.headers.forEach(function (header) {","          backendHeaders[header] = req.headers[header] || '';","        });","      }","","      eventHandler.logger('debug', 'GET ' + req.url, {","        tracer: req.tracer,","        referer: referer,","        remoteIp: remoteIp,","        userAgent: userAgent","      });","","      options = {","        url: targetUrl,","        cacheKey: targetCacheKey,","        cacheTTL: targetCacheTTL,","        explicitNoCache: explicitNoCache,","        timeout: utils.timeToMillis(backend.timeout || DEFAULT_LOW_TIMEOUT),","        headers: backendHeaders,","        tracer: req.tracer,","        type: 'backend',","        statsdKey: 'backend_' + utils.urlToCacheKey(host),","        eventHandler: eventHandler","      };","","      var logError = function (err, message) {","        var logLevel = err.statusCode === 404 ? 'warn' : 'error';","        eventHandler.logger(logLevel, message, {","          tracer: req.tracer","        });","      }","","      var handleError = function (err) {","        if (!res.headersSent) {","          res.writeHead(err.statusCode || HttpStatus.INTERNAL_SERVER_ERROR);","          res.end(err.message);","        }","        logError(err, 'Backend FAILED but to respond: ' + err.message);","      };","","      var handleErrorDecorator = function (func) {","        return function (err, response) {","          if (!err) {","            return func(null, response); // no errors!","          }","","          // Check to see if we have any statusCode handlers defined","          if (err.statusCode && config.statusCodeHandlers && config.statusCodeHandlers[err.statusCode]) {","            var handlerDefn = config.statusCodeHandlers[err.statusCode];","            var handlerFn = config.functions && config.functions[handlerDefn.fn];","            if (handlerFn) {","              return handlerFn(req, res, req.templateVars, handlerDefn.data, options, err, res.parse);","            }","          }","","          if (req.backend.quietFailure && response) {","            logError(err, 'Backend FAILED but serving STALE content from key ' + targetCacheKey + ' : ' + err.message);","            func(null, response);","          } else {","            handleError(err);","          }","        };","      };","","      var setAdditionalHeaders = function () {","        var headersToAdd = _.keys(backend.addResponseHeaders);","        headersToAdd.forEach(function (header) {","          var headerValue = backend.addResponseHeaders[header];","          if (headerValue) { res.setHeader(header, headerValue); }","        });","      }","","      var passThroughHeaders = function (backendHeaders) {","        var headersToAllow = backend.passThroughHeaders || [];","        headersToAllow.forEach(function (header) {","          var headerValue = backendHeaders[header];","          if (headerValue) { res.setHeader(header, headerValue); }","        });","      }","","      optionsTransformer(req, options, function (err, transformedOptions) {","        if (err) { return handleError(err); }","","        if (config.enableExtension && req.method === 'POST' && req.is('text/compoxure')) {","          res.parse(req.body);","          return;","        }","","        reliableGet.get(transformedOptions, handleErrorDecorator(function (err, response) {","          var layoutUrl;","          var newTemplateVars = utils.formatTemplateVariables(response.headers);","          req.templateVars = _.assign(req.templateVars, newTemplateVars);","          if (response.headers['set-cookie']) {","            res.setHeader('set-cookie', response.headers['set-cookie']);","          }","          setAdditionalHeaders();","          passThroughHeaders(response.headers);","          if ('cx-layout' in response.headers) {","            layoutUrl = Core.render(response.headers['cx-layout'], req.templateVars);","            req.templateVars.layout = layoutUrl;","            // extract slots from original html","            extractSlots(response.content, function (err, slots) {","              req.templateVars.slots =  slots;","","              var layoutConfig = utils.getBackendConfig(config, layoutUrl);","              var cacheKey = layoutConfig && layoutConfig.cacheKey ?","                Core.render(layoutConfig.cacheKey, req.templateVars) :","                'layout:'+ layoutUrl;","","              var cacheTTL = layoutConfig && layoutConfig.cacheTTL ?","                layoutConfig.cacheTTL :","                60000 * 5; // 5 mins","","              // get the layout","              reliableGet.get({","                url: layoutUrl,","                cacheKey: cacheKey,","                cacheTTL: cacheTTL,","                headers: {","                  'x-device': transformedOptions.headers['x-device'],","                  cookie: transformedOptions.headers.cookie","                }","              }, handleErrorDecorator(function (err, response) {","                res.parse(response.content);","              }));","            });","          } else {","            res.parse(response.content);","          }","        }));","      });","","    });","","  }","}",""],"l":{"1":1,"2":1,"3":1,"4":1,"5":1,"6":1,"7":1,"8":1,"10":1,"12":0,"15":0,"16":0,"18":0,"20":0,"22":0,"24":0,"51":0,"53":0,"54":0,"55":0,"58":0,"59":0,"62":0,"63":0,"64":0,"68":0,"75":0,"88":0,"89":0,"90":0,"95":0,"96":0,"97":0,"98":0,"100":0,"103":0,"104":0,"105":0,"106":0,"110":0,"111":0,"112":0,"113":0,"114":0,"118":0,"119":0,"120":0,"122":0,"127":0,"128":0,"129":0,"130":0,"131":0,"135":0,"136":0,"137":0,"138":0,"139":0,"143":0,"144":0,"146":0,"147":0,"148":0,"151":0,"152":0,"153":0,"154":0,"155":0,"156":0,"158":0,"159":0,"160":0,"161":0,"162":0,"164":0,"165":0,"167":0,"168":0,"172":0,"177":0,"186":0,"190":0}}}